#
# A fatal error has been detected by the Java Runtime Environment:
#
#  EXCEPTION_ACCESS_VIOLATION (0xc0000005) at pc=0x00007ffe0d9103e1, pid=4216, tid=0x0000000000002e38
#
# JRE version: Java(TM) SE Runtime Environment (8.0_161-b12) (build 1.8.0_161-b12)
# Java VM: Java HotSpot(TM) 64-Bit Server VM (25.161-b12 mixed mode windows-amd64 compressed oops)
# Problematic frame:
# C  [ntdll.dll+0x103e1]
#
# Failed to write core dump. Minidumps are not enabled by default on client versions of Windows
#
# If you would like to submit a bug report, please visit:
#   http://bugreport.java.com/bugreport/crash.jsp
# The crash happened outside the Java Virtual Machine in native code.
# See problematic frame for where to report the bug.
#

---------------  T H R E A D  ---------------

Current thread (0x0000000002bb3800):  JavaThread "main" [_thread_in_native, id=11832, stack(0x0000000002a20000,0x0000000002b20000)]

siginfo: ExceptionCode=0xc0000005, reading address 0x0000002324009fff

Registers:
RAX=0x0000000000000000, RBX=0x0000000000cbaef0, RCX=0x0000000000c40000, RDX=0x0000000000000000
RSP=0x0000000002b1f150, RBP=0x000000232400a000, RSI=0x0000000000000000, RDI=0x0000000000c40000
R8 =0x000000232400a000, R9 =0x000000076b5c47d8, R10=0x00007ffe01211f50, R11=0x0000000002fe3c58
R12=0x0000000000000000, R13=0x0000000002b1f2f8, R14=0x0000002324009ff0, R15=0x0000000002bb3800
RIP=0x00007ffe0d9103e1, EFLAGS=0x0000000000010246

Top of Stack: (sp=0x0000000002b1f150)
0x0000000002b1f150:   00000000000000b2 0000000002bb3800
0x0000000002b1f160:   0000000002bb3800 0000000074b3a97f
0x0000000002b1f170:   0000000000000005 00000007c00696b0
0x0000000002b1f180:   0000000002b1f1c0 0000000000000000
0x0000000002b1f190:   0000000002bb3800 0000000074b58089
0x0000000002b1f1a0:   00000007c00696b0 0000000000000000
0x0000000002b1f1b0:   0000000002b1f348 0000000002b1f2d0
0x0000000002b1f1c0:   0000000002b1f308 0000000000000000
0x0000000002b1f1d0:   0000000000000000 0000000000000000
0x0000000002b1f1e0:   0000000000000000 00007ffdf837bb40
0x0000000002b1f1f0:   0000000000cbaef0 0000000074b5a634
0x0000000002b1f200:   0000000002b1f628 0000000000000006
0x0000000002b1f210:   0000000000cbaef0 00007ffdf8364ce7
0x0000000002b1f220:   0000000000000001 0000000000000000
0x0000000002b1f230:   0000000000000005 0000000074bcf601
0x0000000002b1f240:   0000000000cbaef0 00007ffdf83621c4 

Instructions: (pc=0x00007ffe0d9103e1)
0x00007ffe0d9103c1:   83 03 00 00 f6 47 78 01 0f 85 b8 70 09 00 40 f6
0x00007ffe0d9103d1:   c5 0f 0f 85 f6 70 09 00 4c 8d 75 f0 41 0f 0d 0e
0x00007ffe0d9103e1:   41 80 7e 0f 05 0f 84 ae 70 09 00 41 f6 46 0f 3f
0x00007ffe0d9103f1:   0f 84 b4 70 09 00 4d 85 f6 0f 84 56 72 09 00 80 


Register to memory mapping:

RAX=0x0000000000000000 is an unknown value
RBX=0x0000000000cbaef0 is an unknown value
RCX=0x0000000000c40000 is an unknown value
RDX=0x0000000000000000 is an unknown value
RSP=0x0000000002b1f150 is pointing into the stack for thread: 0x0000000002bb3800
RBP=0x000000232400a000 is an unknown value
RSI=0x0000000000000000 is an unknown value
RDI=0x0000000000c40000 is an unknown value
R8 =0x000000232400a000 is an unknown value
R9 =0x000000076b5c47d8 is an oop
java.lang.Class 
 - klass: 'java/lang/Class'
R10=0x00007ffe01211f50 is an unknown value
R11=0x0000000002fe3c58 is at entry_point+24 in (nmethod*)0x0000000002fe3ad0
R12=0x0000000000000000 is an unknown value
R13=0x0000000002b1f2f8 is pointing into the stack for thread: 0x0000000002bb3800
R14=0x0000002324009ff0 is an unknown value
R15=0x0000000002bb3800 is a thread


Stack: [0x0000000002a20000,0x0000000002b20000],  sp=0x0000000002b1f150,  free space=1020k
Native frames: (J=compiled Java code, j=interpreted, Vv=VM code, C=native code)
C  [ntdll.dll+0x103e1]
C  [glfw.dll+0x1bb40]
C  [glfw.dll+0x4ce7]
C  [glfw.dll+0x21c4]
C  0x0000000002fe3d03

Java frames: (J=compiled Java code, j=interpreted, Vv=VM code)
J 821  org.lwjgl.system.JNI.invokeV(J)V (0 bytes) @ 0x0000000002fe3c81 [0x0000000002fe3c40+0x41]
j  org.lwjgl.glfw.GLFW.glfwTerminate()V+5
j  nate.master.com.Runtime.begin()V+152
j  nate.master.com.Runtime.main([Ljava/lang/String;)V+60
v  ~StubRoutines::call_stub

---------------  P R O C E S S  ---------------

Java Threads: ( => current thread )
  0x000000001e722000 JavaThread "Service Thread" daemon [_thread_blocked, id=6444, stack(0x000000001f240000,0x000000001f340000)]
  0x000000001e694800 JavaThread "C1 CompilerThread3" daemon [_thread_blocked, id=10360, stack(0x000000001f140000,0x000000001f240000)]
  0x000000001e685000 JavaThread "C2 CompilerThread2" daemon [_thread_blocked, id=12744, stack(0x000000001f040000,0x000000001f140000)]
  0x000000001e682000 JavaThread "C2 CompilerThread1" daemon [_thread_blocked, id=9896, stack(0x000000001ef40000,0x000000001f040000)]
  0x000000001e67d000 JavaThread "C2 CompilerThread0" daemon [_thread_blocked, id=9836, stack(0x000000001ee40000,0x000000001ef40000)]
  0x000000001e67c000 JavaThread "Attach Listener" daemon [_thread_blocked, id=11116, stack(0x000000001ed40000,0x000000001ee40000)]
  0x000000001e677000 JavaThread "Signal Dispatcher" daemon [_thread_blocked, id=12912, stack(0x000000001ec40000,0x000000001ed40000)]
  0x000000001e670800 JavaThread "Finalizer" daemon [_thread_blocked, id=9584, stack(0x000000001ea50000,0x000000001eb50000)]
  0x000000001c76d800 JavaThread "Reference Handler" daemon [_thread_blocked, id=7704, stack(0x000000001e550000,0x000000001e650000)]
=>0x0000000002bb3800 JavaThread "main" [_thread_in_native, id=11832, stack(0x0000000002a20000,0x0000000002b20000)]

Other Threads:
  0x000000001c768800 VMThread [stack: 0x000000001e450000,0x000000001e550000] [id=9024]
  0x000000001e744000 WatcherThread [stack: 0x000000001f340000,0x000000001f440000] [id=7116]

VM state:not at safepoint (normal execution)

VM Mutex/Monitor currently owned by a thread: None

Heap:
 PSYoungGen      total 76288K, used 22341K [0x000000076ae00000, 0x0000000770300000, 0x00000007c0000000)
  eden space 65536K, 34% used [0x000000076ae00000,0x000000076c3d1470,0x000000076ee00000)
  from space 10752K, 0% used [0x000000076f880000,0x000000076f880000,0x0000000770300000)
  to   space 10752K, 0% used [0x000000076ee00000,0x000000076ee00000,0x000000076f880000)
 ParOldGen       total 175104K, used 0K [0x00000006c0a00000, 0x00000006cb500000, 0x000000076ae00000)
  object space 175104K, 0% used [0x00000006c0a00000,0x00000006c0a00000,0x00000006cb500000)
 Metaspace       used 10492K, capacity 10717K, committed 11008K, reserved 1058816K
  class space    used 917K, capacity 1007K, committed 1024K, reserved 1048576K

Card table byte_map: [0x0000000012070000,0x0000000012870000] byte_map_base: 0x000000000ea6b000

Marking Bits: (ParMarkBitMap*) 0x00000000752bf860
 Begin Bits: [0x00000000135d0000, 0x00000000175a8000)
 End Bits:   [0x00000000175a8000, 0x000000001b580000)

Polling page: 0x00000000007f0000

CodeCache: size=245760Kb used=3356Kb max_used=3366Kb free=242403Kb
 bounds [0x0000000002cb0000, 0x0000000003000000, 0x0000000011cb0000]
 total_blobs=1756 nmethods=846 adapters=823
 compilation: enabled

Compilation events (10 events):
Event: 7.865 Thread 0x000000001e694800  841       3       nate.master.com.abstracts.gEntity::tick (38 bytes)
Event: 7.865 Thread 0x000000001e694800 nmethod 841 0x0000000002ff6810 code [0x0000000002ff69a0, 0x0000000002ff6d58]
Event: 8.629 Thread 0x000000001e685000  843       4       org.joml.internal.MemUtil$MemUtilUnsafe::put (44 bytes)
Event: 8.630 Thread 0x000000001e685000 nmethod 843 0x0000000002ff9b50 code [0x0000000002ff9c80, 0x0000000002ff9d18]
Event: 8.719 Thread 0x000000001e682000  844       4       java.lang.ThreadLocal::get (38 bytes)
Event: 8.720 Thread 0x000000001e682000 nmethod 844 0x0000000002ff8150 code [0x0000000002ff82a0, 0x0000000002ff8418]
Event: 9.042 Thread 0x000000001e67d000  845   !   4       org.lwjgl.system.MemoryAccess$MemoryAccessorUnsafe::setup (60 bytes)
Event: 9.043 Thread 0x000000001e67d000 nmethod 845 0x0000000002ff7d10 code [0x0000000002ff7e60, 0x0000000002ff7ff8]
Event: 9.186 Thread 0x000000001e685000  846       4       org.joml.Matrix4f::rotate (75 bytes)
Event: 9.187 Thread 0x000000001e685000 nmethod 846 0x0000000002ff7150 code [0x0000000002ff7300, 0x0000000002ff7608]

GC Heap History (0 events):
No events

Deoptimization events (1 events):
Event: 0.063 Thread 0x0000000002bb3800 Uncommon trap: reason=unstable_if action=reinterpret pc=0x0000000002dcb444 method=java.lang.String.hashCode()I @ 14

Classes redefined (0 events):
No events

Internal exceptions (10 events):
Event: 0.020 Thread 0x0000000002bb3800 Exception <a 'java/lang/NoSuchMethodError': Method sun.misc.Unsafe.prefetchRead(Ljava/lang/Object;J)V name or signature does not match> (0x000000076ae07f88) thrown at [C:\re\workspace\8-2-build-windows-amd64-cygwin\jdk8u161\10277\hotspot\src\share\vm\prim
Event: 0.092 Thread 0x0000000002bb3800 Exception <a 'java/lang/NoSuchMethodError': java.lang.Object.lambda$static$0(Ljava/lang/String;)Ljava/lang/Boolean;> (0x000000076b1bd2a0) thrown at [C:\re\workspace\8-2-build-windows-amd64-cygwin\jdk8u161\10277\hotspot\src\share\vm\interpreter\linkResolve
Event: 0.098 Thread 0x0000000002bb3800 Exception <a 'java/lang/NoSuchFieldError': method resolution failed> (0x000000076b2350b0) thrown at [C:\re\workspace\8-2-build-windows-amd64-cygwin\jdk8u161\10277\hotspot\src\share\vm\prims\methodHandles.cpp, line 1167]
Event: 0.099 Thread 0x0000000002bb3800 Exception <a 'java/lang/NoSuchFieldError': method resolution failed> (0x000000076b2424b0) thrown at [C:\re\workspace\8-2-build-windows-amd64-cygwin\jdk8u161\10277\hotspot\src\share\vm\prims\methodHandles.cpp, line 1167]
Event: 0.133 Thread 0x0000000002bb3800 Exception <a 'java/security/PrivilegedActionException'> (0x000000076b3fcde0) thrown at [C:\re\workspace\8-2-build-windows-amd64-cygwin\jdk8u161\10277\hotspot\src\share\vm\prims\jvm.cpp, line 1390]
Event: 0.133 Thread 0x0000000002bb3800 Exception <a 'java/security/PrivilegedActionException'> (0x000000076b3fcff0) thrown at [C:\re\workspace\8-2-build-windows-amd64-cygwin\jdk8u161\10277\hotspot\src\share\vm\prims\jvm.cpp, line 1390]
Event: 0.133 Thread 0x0000000002bb3800 Exception <a 'java/security/PrivilegedActionException'> (0x000000076b400e48) thrown at [C:\re\workspace\8-2-build-windows-amd64-cygwin\jdk8u161\10277\hotspot\src\share\vm\prims\jvm.cpp, line 1390]
Event: 0.133 Thread 0x0000000002bb3800 Exception <a 'java/security/PrivilegedActionException'> (0x000000076b401058) thrown at [C:\re\workspace\8-2-build-windows-amd64-cygwin\jdk8u161\10277\hotspot\src\share\vm\prims\jvm.cpp, line 1390]
Event: 0.812 Thread 0x0000000002bb3800 Exception <a 'sun/nio/fs/WindowsException'> (0x000000076b96d880) thrown at [C:\re\workspace\8-2-build-windows-amd64-cygwin\jdk8u161\10277\hotspot\src\share\vm\prims\jni.cpp, line 709]
Event: 0.812 Thread 0x0000000002bb3800 Exception <a 'sun/nio/fs/WindowsException'> (0x000000076b96e050) thrown at [C:\re\workspace\8-2-build-windows-amd64-cygwin\jdk8u161\10277\hotspot\src\share\vm\prims\jni.cpp, line 709]

Events (10 events):
Event: 0.971 loading class de/matthiasmann/twl/utils/PNGDecoder$1
Event: 0.971 loading class de/matthiasmann/twl/utils/PNGDecoder$1 done
Event: 0.973 loading class nate/master/com/Entity/Bullets/Bullet_8mm
Event: 0.973 loading class nate/master/com/Entity/Bullets/Bullet_8mm done
Event: 0.973 loading class nate/master/com/Entity/Bullet
Event: 0.973 loading class nate/master/com/Entity/Bullet done
Event: 4.122 Executing VM operation: EnableBiasedLocking
Event: 4.122 Executing VM operation: EnableBiasedLocking done
Event: 9.615 loading class org/lwjgl/glfw/Callbacks
Event: 9.615 loading class org/lwjgl/glfw/Callbacks done


Dynamic libraries:
0x00007ff6290c0000 - 0x00007ff6290f7000 	C:\Program Files\Java\jre1.8.0_161\bin\javaw.exe
0x00007ffe0d900000 - 0x00007ffe0dae1000 	C:\WINDOWS\SYSTEM32\ntdll.dll
0x00007ffe0bfb0000 - 0x00007ffe0c062000 	C:\WINDOWS\System32\KERNEL32.DLL
0x00007ffe0a850000 - 0x00007ffe0aac3000 	C:\WINDOWS\System32\KERNELBASE.dll
0x00007ffe0b820000 - 0x00007ffe0b8c1000 	C:\WINDOWS\System32\ADVAPI32.dll
0x00007ffe0ba50000 - 0x00007ffe0baee000 	C:\WINDOWS\System32\msvcrt.dll
0x00007ffe0b280000 - 0x00007ffe0b2db000 	C:\WINDOWS\System32\sechost.dll
0x00007ffe0c070000 - 0x00007ffe0c194000 	C:\WINDOWS\System32\RPCRT4.dll
0x00007ffe0b0f0000 - 0x00007ffe0b280000 	C:\WINDOWS\System32\USER32.dll
0x00007ffe0aad0000 - 0x00007ffe0aaf0000 	C:\WINDOWS\System32\win32u.dll
0x00007ffe0ad90000 - 0x00007ffe0adb8000 	C:\WINDOWS\System32\GDI32.dll
0x00007ffe0a6b0000 - 0x00007ffe0a842000 	C:\WINDOWS\System32\gdi32full.dll
0x00007ffe0aaf0000 - 0x00007ffe0ab8f000 	C:\WINDOWS\System32\msvcp_win.dll
0x00007ffe0ab90000 - 0x00007ffe0ac8a000 	C:\WINDOWS\System32\ucrtbase.dll
0x00007ffdff070000 - 0x00007ffdff2d9000 	C:\WINDOWS\WinSxS\amd64_microsoft.windows.common-controls_6595b64144ccf1df_6.0.17134.48_none_b4b2216a3cb4dd3e\COMCTL32.dll
0x00007ffe0b440000 - 0x00007ffe0b763000 	C:\WINDOWS\System32\combase.dll
0x00007ffe0a630000 - 0x00007ffe0a6aa000 	C:\WINDOWS\System32\bcryptPrimitives.dll
0x00007ffe0c250000 - 0x00007ffe0c27d000 	C:\WINDOWS\System32\IMM32.DLL
0x00000000741e0000 - 0x00000000742b2000 	C:\Program Files\Java\jre1.8.0_161\bin\msvcr100.dll
0x0000000074aa0000 - 0x000000007533f000 	C:\Program Files\Java\jre1.8.0_161\bin\server\jvm.dll
0x00007ffe0d760000 - 0x00007ffe0d768000 	C:\WINDOWS\System32\PSAPI.DLL
0x00007ffe05410000 - 0x00007ffe05419000 	C:\WINDOWS\SYSTEM32\WSOCK32.dll
0x00007ffdfff30000 - 0x00007ffdfff53000 	C:\WINDOWS\SYSTEM32\WINMM.dll
0x00007ffe0bf40000 - 0x00007ffe0bfac000 	C:\WINDOWS\System32\WS2_32.dll
0x00007ffe03c50000 - 0x00007ffe03c5a000 	C:\WINDOWS\SYSTEM32\VERSION.dll
0x00007ffdffd10000 - 0x00007ffdffd3a000 	C:\WINDOWS\SYSTEM32\WINMMBASE.dll
0x00007ffe0ac90000 - 0x00007ffe0acd9000 	C:\WINDOWS\System32\cfgmgr32.dll
0x00000000749b0000 - 0x00000000749bf000 	C:\Program Files\Java\jre1.8.0_161\bin\verify.dll
0x0000000074980000 - 0x00000000749a9000 	C:\Program Files\Java\jre1.8.0_161\bin\java.dll
0x0000000074960000 - 0x0000000074976000 	C:\Program Files\Java\jre1.8.0_161\bin\zip.dll
0x00007ffe0c280000 - 0x00007ffe0d6c0000 	C:\WINDOWS\System32\SHELL32.dll
0x00007ffe0c1a0000 - 0x00007ffe0c249000 	C:\WINDOWS\System32\shcore.dll
0x00007ffe09cd0000 - 0x00007ffe0a3dd000 	C:\WINDOWS\System32\windows.storage.dll
0x00007ffe0aef0000 - 0x00007ffe0af41000 	C:\WINDOWS\System32\shlwapi.dll
0x00007ffe09c90000 - 0x00007ffe09ca1000 	C:\WINDOWS\System32\kernel.appcore.dll
0x00007ffe09c70000 - 0x00007ffe09c8f000 	C:\WINDOWS\System32\profapi.dll
0x00007ffe09c20000 - 0x00007ffe09c6c000 	C:\WINDOWS\System32\powrprof.dll
0x00007ffe09c10000 - 0x00007ffe09c1a000 	C:\WINDOWS\System32\FLTLIB.DLL
0x0000000074940000 - 0x000000007495a000 	C:\Program Files\Java\jre1.8.0_161\bin\net.dll
0x00007ffe09490000 - 0x00007ffe094f6000 	C:\WINDOWS\system32\mswsock.dll
0x0000000074920000 - 0x0000000074931000 	C:\Program Files\Java\jre1.8.0_161\bin\nio.dll
0x00007ffe01210000 - 0x00007ffe0126b000 	C:\Users\Nate\AppData\Local\Temp\lwjglNate\3.1.6-build-14\lwjgl.dll
0x00007ffdf8360000 - 0x00007ffdf83b1000 	C:\Users\Nate\AppData\Local\Temp\lwjglNate\3.1.6-build-14\glfw.dll
0x00007ffe080c0000 - 0x00007ffe08158000 	C:\WINDOWS\system32\uxtheme.dll
0x00007ffdf5e30000 - 0x00007ffdf5e73000 	C:\WINDOWS\SYSTEM32\dinput8.dll
0x00007ffe07cf0000 - 0x00007ffe07d00000 	C:\WINDOWS\SYSTEM32\xinput1_4.dll
0x00007ffe09a20000 - 0x00007ffe09a47000 	C:\WINDOWS\SYSTEM32\DEVOBJ.dll
0x00007ffe02cd0000 - 0x00007ffe02d49000 	C:\WINDOWS\SYSTEM32\inputhost.dll
0x00007ffe05a50000 - 0x00007ffe05b9d000 	C:\WINDOWS\SYSTEM32\wintypes.dll
0x00007ffe07990000 - 0x00007ffe07a6a000 	C:\WINDOWS\SYSTEM32\CoreMessaging.dll
0x00007ffdf77a0000 - 0x00007ffdf7abe000 	C:\WINDOWS\SYSTEM32\CoreUIComponents.dll
0x00007ffe08d00000 - 0x00007ffe08d31000 	C:\WINDOWS\SYSTEM32\ntmarta.dll
0x00007ffe083a0000 - 0x00007ffe083c9000 	C:\WINDOWS\SYSTEM32\dwmapi.dll
0x00007ffe0b8d0000 - 0x00007ffe0ba45000 	C:\WINDOWS\System32\MSCTF.dll
0x00007ffe0adc0000 - 0x00007ffe0ae82000 	C:\WINDOWS\System32\OLEAUT32.dll
0x00007ffe08940000 - 0x00007ffe0894c000 	C:\WINDOWS\SYSTEM32\HID.DLL
0x00007ffe0baf0000 - 0x00007ffe0bf3b000 	C:\WINDOWS\System32\SETUPAPI.DLL
0x00007ffe0a3e0000 - 0x00007ffe0a437000 	C:\WINDOWS\System32\WINTRUST.dll
0x00007ffe09cb0000 - 0x00007ffe09cc2000 	C:\WINDOWS\System32\MSASN1.dll
0x00007ffe0a440000 - 0x00007ffe0a622000 	C:\WINDOWS\System32\CRYPT32.dll
0x00007ffddeaf0000 - 0x00007ffddec10000 	C:\WINDOWS\SYSTEM32\opengl32.dll
0x00007ffe05540000 - 0x00007ffe0556c000 	C:\WINDOWS\SYSTEM32\GLU32.dll
0x0000000071ce0000 - 0x0000000073fa7000 	C:\WINDOWS\SYSTEM32\nvoglv64.DLL
0x00007ffe0d770000 - 0x00007ffe0d8c1000 	C:\WINDOWS\System32\ole32.dll
0x00007ffe06050000 - 0x00007ffe06063000 	C:\WINDOWS\SYSTEM32\WTSAPI32.dll
0x00007ffe08d70000 - 0x00007ffe08dc6000 	C:\WINDOWS\SYSTEM32\WINSTA.dll
0x00007ffe031f0000 - 0x00007ffe03288000 	C:\WINDOWS\System32\TextInputFramework.dll
0x00007ffde7b20000 - 0x00007ffde7b7f000 	C:\Users\Nate\AppData\Local\Temp\lwjglNate\3.1.6-build-14\lwjgl_opengl.dll
0x00007ffe0b780000 - 0x00007ffe0b820000 	C:\WINDOWS\System32\clbcatq.dll
0x00007ffdfc2c0000 - 0x00007ffdfc489000 	C:\WINDOWS\SYSTEM32\dbghelp.dll

VM Arguments:
jvm_args: -Dfile.encoding=Cp1252 
java_command: nate.master.com.Runtime
java_class_path (initial): C:\Program Files\Java\jre1.8.0_161\lib\resources.jar;C:\Program Files\Java\jre1.8.0_161\lib\rt.jar;C:\Program Files\Java\jre1.8.0_161\lib\jsse.jar;C:\Program Files\Java\jre1.8.0_161\lib\jce.jar;C:\Program Files\Java\jre1.8.0_161\lib\charsets.jar;C:\Program Files\Java\jre1.8.0_161\lib\jfr.jar;C:\Program Files\Java\jre1.8.0_161\lib\ext\access-bridge-64.jar;C:\Program Files\Java\jre1.8.0_161\lib\ext\cldrdata.jar;C:\Program Files\Java\jre1.8.0_161\lib\ext\dnsns.jar;C:\Program Files\Java\jre1.8.0_161\lib\ext\jaccess.jar;C:\Program Files\Java\jre1.8.0_161\lib\ext\jfxrt.jar;C:\Program Files\Java\jre1.8.0_161\lib\ext\localedata.jar;C:\Program Files\Java\jre1.8.0_161\lib\ext\nashorn.jar;C:\Program Files\Java\jre1.8.0_161\lib\ext\sunec.jar;C:\Program Files\Java\jre1.8.0_161\lib\ext\sunjce_provider.jar;C:\Program Files\Java\jre1.8.0_161\lib\ext\sunmscapi.jar;C:\Program Files\Java\jre1.8.0_161\lib\ext\sunpkcs11.jar;C:\Program Files\Java\jre1.8.0_161\lib\ext\zipfs.jar;C:\Users\Nate\git\Front_A00\LWJGL_Master\bin;C:\Users\Nate\git\Front_A00\LWJGL_Master\libs\lwjgl-assimp-javadoc.jar;C:\Users\Nate\git\Front_A00\LWJGL_Master\libs\lwjgl-assimp-natives-windows.jar;C:\Users\Nate\git\Front_A00\LWJGL_Master\libs\lwjgl-assimp-sources.jar;C:\Users\Nate\git\Front_A00\LWJGL_Master\libs\lwjgl-assimp.jar;C:\Users\Nate\git\Front_A00\LWJGL_Master\libs\lwjgl-bgfx-javadoc.jar;C:\Users\Nate\git\Front_A00\LWJGL_Master\libs\lwjgl-bgfx-natives-windows.jar;C:\Users\Nate\git\Front_A00\LWJGL_Master\libs\lwjgl-bgfx-sources.jar;C:\Users\Nate\git\Front_A00\LWJGL_Master\libs\lwjgl-bgfx.jar;C:\Users\Nate\git\Front_A00\LWJGL_Master\libs\lwjgl-glfw-javadoc.jar;C:\Users\Nate\git\Front_A00\LWJGL_Master\libs\lwjgl-glfw-natives-windows.jar;C:\Users\Nate\git\Front_A00\LWJGL_Master\libs\lwjgl-glfw-sources.jar;C:\Users\Nate\git\Front_A00\LWJGL_Master\libs\lwjgl-glfw.jar;C:\Users\Nate\git\Front_A00\LWJGL_Master\libs\lwjgl-javadoc.jar;C:\Users\Nate\git\Front_A00\LWJGL_Master\libs\lwjgl-nano
Launcher Type: SUN_STANDARD

Environment Variables:
PATH=C:/Program Files/Java/jre1.8.0_161/bin/server;C:/Program Files/Java/jre1.8.0_161/bin;C:/Program Files/Java/jre1.8.0_161/lib/amd64;C:\ProgramData\Oracle\Java\javapath;C:\Windows\system32;C:\Windows;C:\Windows\System32\Wbem;C:\Windows\System32\WindowsPowerShell\v1.0\;C:\Program Files (x86)\NVIDIA Corporation\PhysX\Common;C:\WINDOWS\system32;C:\WINDOWS;C:\WINDOWS\System32\Wbem;C:\WINDOWS\System32\WindowsPowerShell\v1.0\;C:\WINDOWS\System32\OpenSSH\;C:\Users\Nate\AppData\Local\Microsoft\WindowsApps;;G:\Desktop;
USERNAME=Nate
OS=Windows_NT
PROCESSOR_IDENTIFIER=Intel64 Family 6 Model 94 Stepping 3, GenuineIntel



---------------  S Y S T E M  ---------------

OS: Windows 10.0 , 64 bit Build 17134 (10.0.17134.1)

CPU:total 8 (initial active 8) (4 cores per cpu, 2 threads per core) family 6 model 94 stepping 3, cmov, cx8, fxsr, mmx, sse, sse2, sse3, ssse3, sse4.1, sse4.2, popcnt, avx, avx2, aes, clmul, erms, rtm, 3dnowpref, lzcnt, ht, tsc, tscinvbit, bmi1, bmi2, adx

Memory: 4k page, physical 16735336k(11103100k free), swap 19225704k(10043496k free)

vm_info: Java HotSpot(TM) 64-Bit Server VM (25.161-b12) for windows-amd64 JRE (1.8.0_161-b12), built on Dec 19 2017 17:52:25 by "java_re" with MS VC++ 10.0 (VS2010)

time: Sat Jun 02 16:40:58 2018
elapsed time: 9 seconds (0d 0h 0m 9s)

