#
# A fatal error has been detected by the Java Runtime Environment:
#
#  EXCEPTION_ACCESS_VIOLATION (0xc0000005) at pc=0x00007fff96b16f60, pid=15508, tid=0x0000000000001440
#
# JRE version: Java(TM) SE Runtime Environment (8.0_171-b11) (build 1.8.0_171-b11)
# Java VM: Java HotSpot(TM) 64-Bit Server VM (25.171-b11 mixed mode windows-amd64 compressed oops)
# Problematic frame:
# C  [lwjgl.dll+0x16f60]
#
# Failed to write core dump. Minidumps are not enabled by default on client versions of Windows
#
# If you would like to submit a bug report, please visit:
#   http://bugreport.java.com/bugreport/crash.jsp
# The crash happened outside the Java Virtual Machine in native code.
# See problematic frame for where to report the bug.
#

---------------  T H R E A D  ---------------

Current thread (0x0000000002c4e800):  JavaThread "main" [_thread_in_native, id=5184, stack(0x0000000004440000,0x0000000004540000)]

siginfo: ExceptionCode=0xc0000005, reading address 0x000000001b8d0020

Registers:
RAX=0x00007fff96b13e90, RBX=0x0000000018a8b7c8, RCX=0x000000001b8d0000, RDX=0x000000000453ef78
RSP=0x000000000453eee8, RBP=0x000000000453ef68, RSI=0x0000000000000108, RDI=0x0000000000000bbd
R8 =0x000000001b8d0000, R9 =0x00000000d72dc6a0, R10=0x0000000004658c3b, R11=0x0000000059dec460
R12=0x0000000000000000, R13=0x0000000018a8b7c8, R14=0x000000000453ef90, R15=0x0000000002c4e800
RIP=0x00007fff96b16f60, EFLAGS=0x0000000000010206

Top of Stack: (sp=0x000000000453eee8)
0x000000000453eee8:   0000000004658c67 000000001ceaaa70
0x000000000453eef8:   ffffffffe2c146b8 0000000000000000
0x000000000453ef08:   0000000000000006 0000000000000006
0x000000000453ef18:   00007fff72e33046 000000001ce3dec0
0x000000000453ef28:   000000000453ef28 0000000000000000
0x000000000453ef38:   000000000453ef90 0000000018a8d090
0x000000000453ef48:   0000000000000000 0000000018a8b7c8
0x000000000453ef58:   0000000000000000 000000000453ef88
0x000000000453ef68:   000000000453efd8 0000000004647e70
0x000000000453ef78:   00000000d7457270 00000000046521d7
0x000000000453ef88:   000000001b8d0000 0000000000000001
0x000000000453ef98:   000000000453ef98 0000000018a8b86c
0x000000000453efa8:   000000000453eff0 0000000018a8d090
0x000000000453efb8:   0000000000000000 0000000018a8b898
0x000000000453efc8:   000000000453ef88 000000000453efe8
0x000000000453efd8:   000000000453f038 0000000004647e70 

Instructions: (pc=0x00007fff96b16f60)
0x00007fff96b16f40:   41 08 49 89 00 8b 01 c3 cc cc cc cc cc cc cc cc
0x00007fff96b16f50:   ba 28 00 00 00 e9 e6 00 00 00 cc cc cc cc cc cc
0x00007fff96b16f60:   48 8b 41 20 c3 cc cc cc cc cc cc cc cc cc cc cc
0x00007fff96b16f70:   4c 89 41 18 4c 89 49 20 c3 cc cc cc cc cc cc cc 


Register to memory mapping:

RAX=0x00007fff96b13e90 is an unknown value
RBX={method} {0x0000000018a8b7d0} 'ndcbGetUserData' '(J)J' in 'org/lwjgl/system/dyncall/DynCallback'
RCX=0x000000001b8d0000 is an unknown value
RDX=0x000000000453ef78 is pointing into the stack for thread: 0x0000000002c4e800
RSP=0x000000000453eee8 is pointing into the stack for thread: 0x0000000002c4e800
RBP=0x000000000453ef68 is pointing into the stack for thread: 0x0000000002c4e800
RSI=0x0000000000000108 is an unknown value
RDI=0x0000000000000bbd is an unknown value
R8 =0x000000001b8d0000 is an unknown value
R9 =0x00000000d72dc6a0 is an oop
java.lang.Class 
 - klass: 'java/lang/Class'
R10=0x0000000004658c3b is at code_begin+891 in an Interpreter codelet
method entry point (kind = native)  [0x00000000046588c0, 0x0000000004659280]  2496 bytes
R11=0x0000000059dec460 is an unknown value
R12=0x0000000000000000 is an unknown value
R13={method} {0x0000000018a8b7d0} 'ndcbGetUserData' '(J)J' in 'org/lwjgl/system/dyncall/DynCallback'
R14=0x000000000453ef90 is pointing into the stack for thread: 0x0000000002c4e800
R15=0x0000000002c4e800 is a thread


Stack: [0x0000000004440000,0x0000000004540000],  sp=0x000000000453eee8,  free space=1019k
Native frames: (J=compiled Java code, j=interpreted, Vv=VM code, C=native code)
C  [lwjgl.dll+0x16f60]

Java frames: (J=compiled Java code, j=interpreted, Vv=VM code)
j  org.lwjgl.system.dyncall.DynCallback.ndcbGetUserData(J)J+0
j  org.lwjgl.system.dyncall.DynCallback.dcbGetUserData(J)J+12
j  org.lwjgl.system.Callback.free(J)V+1
j  org.lwjgl.system.Callback.free()V+4
j  nate.master.com.Runtime.begin()V+55
j  nate.master.com.Runtime.main([Ljava/lang/String;)V+33
v  ~StubRoutines::call_stub

---------------  P R O C E S S  ---------------

Java Threads: ( => current thread )
  0x000000001a829000 JavaThread "Service Thread" daemon [_thread_blocked, id=15500, stack(0x000000001acf0000,0x000000001adf0000)]
  0x000000001a7f8800 JavaThread "C1 CompilerThread2" daemon [_thread_blocked, id=16092, stack(0x000000001abf0000,0x000000001acf0000)]
  0x0000000018fb8000 JavaThread "C2 CompilerThread1" daemon [_thread_blocked, id=7348, stack(0x000000001a6f0000,0x000000001a7f0000)]
  0x0000000018fb0000 JavaThread "C2 CompilerThread0" daemon [_thread_blocked, id=11804, stack(0x000000001a5f0000,0x000000001a6f0000)]
  0x0000000018fae000 JavaThread "Attach Listener" daemon [_thread_blocked, id=11024, stack(0x000000001a4f0000,0x000000001a5f0000)]
  0x000000000463d800 JavaThread "Signal Dispatcher" daemon [_thread_blocked, id=12520, stack(0x000000001a3f0000,0x000000001a4f0000)]
  0x0000000018f9f000 JavaThread "Finalizer" daemon [_thread_blocked, id=13136, stack(0x000000001a200000,0x000000001a300000)]
  0x0000000018f78800 JavaThread "Reference Handler" daemon [_thread_blocked, id=5000, stack(0x000000001a100000,0x000000001a200000)]
=>0x0000000002c4e800 JavaThread "main" [_thread_in_native, id=5184, stack(0x0000000004440000,0x0000000004540000)]

Other Threads:
  0x0000000018f77000 VMThread [stack: 0x000000001a000000,0x000000001a100000] [id=3612]
  0x000000001a83a800 WatcherThread [stack: 0x000000001adf0000,0x000000001aef0000] [id=3740]

VM state:not at safepoint (normal execution)

VM Mutex/Monitor currently owned by a thread: None

Heap:
 PSYoungGen      total 36864K, used 14188K [0x00000000d6e00000, 0x00000000d9700000, 0x0000000100000000)
  eden space 31744K, 44% used [0x00000000d6e00000,0x00000000d7bdb140,0x00000000d8d00000)
  from space 5120K, 0% used [0x00000000d9200000,0x00000000d9200000,0x00000000d9700000)
  to   space 5120K, 0% used [0x00000000d8d00000,0x00000000d8d00000,0x00000000d9200000)
 ParOldGen       total 84992K, used 0K [0x0000000084a00000, 0x0000000089d00000, 0x00000000d6e00000)
  object space 84992K, 0% used [0x0000000084a00000,0x0000000084a00000,0x0000000089d00000)
 Metaspace       used 8021K, capacity 8185K, committed 8320K, reserved 1056768K
  class space    used 778K, capacity 847K, committed 896K, reserved 1048576K

Card table byte_map: [0x0000000013a00000,0x0000000013de0000] byte_map_base: 0x00000000135db000

Marking Bits: (ParMarkBitMap*) 0x000000005a3e08c0
 Begin Bits: [0x0000000014480000, 0x0000000016358000)
 End Bits:   [0x0000000016358000, 0x0000000018230000)

Polling page: 0x0000000002890000

CodeCache: size=245760Kb used=2795Kb max_used=2795Kb free=242964Kb
 bounds [0x0000000004640000, 0x0000000004900000, 0x0000000013640000]
 total_blobs=1441 nmethods=642 adapters=712
 compilation: enabled

Compilation events (10 events):
Event: 0.932 Thread 0x000000001a7f8800  637       3       sun.invoke.util.Wrapper::forPrimitiveType (49 bytes)
Event: 0.933 Thread 0x000000001a7f8800 nmethod 637 0x00000000048f8190 code [0x00000000048f8420, 0x00000000048f9578]
Event: 0.933 Thread 0x000000001a7f8800  638       3       sun.invoke.util.Wrapper::hashPrim (30 bytes)
Event: 0.933 Thread 0x000000001a7f8800 nmethod 638 0x00000000048f9e10 code [0x00000000048f9fe0, 0x00000000048fa788]
Event: 0.933 Thread 0x000000001a7f8800  641       3       jdk.internal.org.objectweb.asm.ByteVector::put11 (52 bytes)
Event: 0.933 Thread 0x000000001a7f8800 nmethod 641 0x00000000048faad0 code [0x00000000048fac40, 0x00000000048faea8]
Event: 0.933 Thread 0x000000001a7f8800  642       3       jdk.internal.org.objectweb.asm.Item::<init> (5 bytes)
Event: 0.933 Thread 0x000000001a7f8800 nmethod 642 0x00000000048fb010 code [0x00000000048fb160, 0x00000000048fb310]
Event: 0.933 Thread 0x000000001a7f8800  640       3       java.lang.invoke.MethodType::checkRtype (6 bytes)
Event: 0.934 Thread 0x000000001a7f8800 nmethod 640 0x00000000048fb3d0 code [0x00000000048fb540, 0x00000000048fb7c8]

GC Heap History (0 events):
No events

Deoptimization events (0 events):
No events

Classes redefined (0 events):
No events

Internal exceptions (10 events):
Event: 0.055 Thread 0x0000000002c4e800 Exception <a 'java/lang/NoSuchMethodError': Method sun.misc.Unsafe.prefetchRead(Ljava/lang/Object;J)V name or signature does not match> (0x00000000d6e07f98) thrown at [C:\re\workspace\8-2-build-windows-amd64-cygwin\jdk8u171\10807\hotspot\src\share\vm\prim
Event: 0.298 Thread 0x0000000002c4e800 Exception <a 'java/lang/NoSuchMethodError': java.lang.Object.lambda$static$0(Ljava/lang/String;)Ljava/lang/Boolean;> (0x00000000d7108280) thrown at [C:\re\workspace\8-2-build-windows-amd64-cygwin\jdk8u171\10807\hotspot\src\share\vm\interpreter\linkResolve
Event: 0.318 Thread 0x0000000002c4e800 Exception <a 'java/lang/NoSuchFieldError': method resolution failed> (0x00000000d7180098) thrown at [C:\re\workspace\8-2-build-windows-amd64-cygwin\jdk8u171\10807\hotspot\src\share\vm\prims\methodHandles.cpp, line 1167]
Event: 0.321 Thread 0x0000000002c4e800 Exception <a 'java/lang/NoSuchFieldError': method resolution failed> (0x00000000d718d418) thrown at [C:\re\workspace\8-2-build-windows-amd64-cygwin\jdk8u171\10807\hotspot\src\share\vm\prims\methodHandles.cpp, line 1167]
Event: 0.352 Thread 0x0000000002c4e800 Exception <a 'java/security/PrivilegedActionException'> (0x00000000d721d370) thrown at [C:\re\workspace\8-2-build-windows-amd64-cygwin\jdk8u171\10807\hotspot\src\share\vm\prims\jvm.cpp, line 1435]
Event: 0.352 Thread 0x0000000002c4e800 Exception <a 'java/security/PrivilegedActionException'> (0x00000000d721d580) thrown at [C:\re\workspace\8-2-build-windows-amd64-cygwin\jdk8u171\10807\hotspot\src\share\vm\prims\jvm.cpp, line 1435]
Event: 0.353 Thread 0x0000000002c4e800 Exception <a 'java/security/PrivilegedActionException'> (0x00000000d72211f0) thrown at [C:\re\workspace\8-2-build-windows-amd64-cygwin\jdk8u171\10807\hotspot\src\share\vm\prims\jvm.cpp, line 1435]
Event: 0.353 Thread 0x0000000002c4e800 Exception <a 'java/security/PrivilegedActionException'> (0x00000000d7221400) thrown at [C:\re\workspace\8-2-build-windows-amd64-cygwin\jdk8u171\10807\hotspot\src\share\vm\prims\jvm.cpp, line 1435]
Event: 0.604 Thread 0x0000000002c4e800 Exception <a 'sun/nio/fs/WindowsException'> (0x00000000d758cf68) thrown at [C:\re\workspace\8-2-build-windows-amd64-cygwin\jdk8u171\10807\hotspot\src\share\vm\prims\jni.cpp, line 709]
Event: 0.604 Thread 0x0000000002c4e800 Exception <a 'sun/nio/fs/WindowsException'> (0x00000000d758d760) thrown at [C:\re\workspace\8-2-build-windows-amd64-cygwin\jdk8u171\10807\hotspot\src\share\vm\prims\jni.cpp, line 709]

Events (10 events):
Event: 0.930 loading class org/lwjgl/opengl/GLDebugMessageARBCallbackI
Event: 0.930 loading class org/lwjgl/opengl/GLDebugMessageARBCallbackI done
Event: 0.930 loading class org/lwjgl/opengl/GLDebugMessageARBCallback
Event: 0.930 loading class org/lwjgl/opengl/GLDebugMessageARBCallback done
Event: 0.931 loading class org/lwjgl/opengl/GLDebugMessageAMDCallbackI
Event: 0.931 loading class org/lwjgl/opengl/GLDebugMessageAMDCallbackI done
Event: 0.931 loading class org/lwjgl/opengl/GLDebugMessageAMDCallback
Event: 0.931 loading class org/lwjgl/opengl/GLDebugMessageAMDCallback done
Event: 0.933 loading class org/lwjgl/opengl/GLDebugMessageCallback$Container
Event: 0.933 loading class org/lwjgl/opengl/GLDebugMessageCallback$Container done


Dynamic libraries:
0x00007ff6d13c0000 - 0x00007ff6d13f7000 	C:\Program Files\Java\jre1.8.0_171\bin\javaw.exe
0x00007fffb14b0000 - 0x00007fffb1690000 	C:\WINDOWS\SYSTEM32\ntdll.dll
0x00007fffb1290000 - 0x00007fffb133e000 	C:\WINDOWS\System32\KERNEL32.DLL
0x00007fffad8b0000 - 0x00007fffadb16000 	C:\WINDOWS\System32\KERNELBASE.dll
0x00007fffb0920000 - 0x00007fffb09c1000 	C:\WINDOWS\System32\ADVAPI32.dll
0x00007fffb0700000 - 0x00007fffb079d000 	C:\WINDOWS\System32\msvcrt.dll
0x00007fffb1340000 - 0x00007fffb139b000 	C:\WINDOWS\System32\sechost.dll
0x00007fffb07a0000 - 0x00007fffb08bf000 	C:\WINDOWS\System32\RPCRT4.dll
0x00007fffb0c00000 - 0x00007fffb0d8f000 	C:\WINDOWS\System32\USER32.dll
0x00007fffadff0000 - 0x00007fffae010000 	C:\WINDOWS\System32\win32u.dll
0x00007fffb13a0000 - 0x00007fffb13c8000 	C:\WINDOWS\System32\GDI32.dll
0x00007fffae7e0000 - 0x00007fffae973000 	C:\WINDOWS\System32\gdi32full.dll
0x00007fffadea0000 - 0x00007fffadf3b000 	C:\WINDOWS\System32\msvcp_win.dll
0x00007fffadcf0000 - 0x00007fffadde6000 	C:\WINDOWS\System32\ucrtbase.dll
0x00007fffa0f30000 - 0x00007fffa1199000 	C:\WINDOWS\WinSxS\amd64_microsoft.windows.common-controls_6595b64144ccf1df_6.0.16299.431_none_15c7d3ee93659e73\COMCTL32.dll
0x00007fffaeb60000 - 0x00007fffaee68000 	C:\WINDOWS\System32\combase.dll
0x00007fffae010000 - 0x00007fffae082000 	C:\WINDOWS\System32\bcryptPrimitives.dll
0x00007fffb0f40000 - 0x00007fffb0f6d000 	C:\WINDOWS\System32\IMM32.DLL
0x000000005a460000 - 0x000000005a532000 	C:\Program Files\Java\jre1.8.0_171\bin\msvcr100.dll
0x0000000059bc0000 - 0x000000005a460000 	C:\Program Files\Java\jre1.8.0_171\bin\server\jvm.dll
0x00007fffb0e10000 - 0x00007fffb0e18000 	C:\WINDOWS\System32\PSAPI.DLL
0x00007fffa4ca0000 - 0x00007fffa4ca9000 	C:\WINDOWS\SYSTEM32\WSOCK32.dll
0x00007fffb0ed0000 - 0x00007fffb0f3c000 	C:\WINDOWS\System32\WS2_32.dll
0x00007fffa2c00000 - 0x00007fffa2c23000 	C:\WINDOWS\SYSTEM32\WINMM.dll
0x00007fffa39c0000 - 0x00007fffa39ca000 	C:\WINDOWS\SYSTEM32\VERSION.dll
0x00007fffa2bd0000 - 0x00007fffa2bfa000 	C:\WINDOWS\SYSTEM32\WINMMBASE.dll
0x00007fffaddf0000 - 0x00007fffade3a000 	C:\WINDOWS\System32\cfgmgr32.dll
0x0000000059bb0000 - 0x0000000059bbf000 	C:\Program Files\Java\jre1.8.0_171\bin\verify.dll
0x0000000059b80000 - 0x0000000059ba9000 	C:\Program Files\Java\jre1.8.0_171\bin\java.dll
0x0000000059b60000 - 0x0000000059b76000 	C:\Program Files\Java\jre1.8.0_171\bin\zip.dll
0x00007fffaee70000 - 0x00007fffb02a8000 	C:\WINDOWS\System32\SHELL32.dll
0x00007fffb13d0000 - 0x00007fffb1476000 	C:\WINDOWS\System32\shcore.dll
0x00007fffae090000 - 0x00007fffae7d7000 	C:\WINDOWS\System32\windows.storage.dll
0x00007fffb1230000 - 0x00007fffb1281000 	C:\WINDOWS\System32\shlwapi.dll
0x00007fffad840000 - 0x00007fffad851000 	C:\WINDOWS\System32\kernel.appcore.dll
0x00007fffad860000 - 0x00007fffad8ac000 	C:\WINDOWS\System32\powrprof.dll
0x00007fffad820000 - 0x00007fffad83b000 	C:\WINDOWS\System32\profapi.dll
0x0000000059b40000 - 0x0000000059b5a000 	C:\Program Files\Java\jre1.8.0_171\bin\net.dll
0x00007fffad090000 - 0x00007fffad0f6000 	C:\WINDOWS\system32\mswsock.dll
0x0000000059b20000 - 0x0000000059b31000 	C:\Program Files\Java\jre1.8.0_171\bin\nio.dll
0x00007fff96b00000 - 0x00007fff96b5b000 	C:\Users\NoneYa\AppData\Local\Temp\lwjglNoneYa\3.1.6-build-14\lwjgl.dll
0x00007fff8b810000 - 0x00007fff8b861000 	C:\Users\NoneYa\AppData\Local\Temp\lwjglNoneYa\3.1.6-build-14\glfw.dll
0x00007fffabb70000 - 0x00007fffabc05000 	C:\WINDOWS\system32\uxtheme.dll
0x00007fff96ba0000 - 0x00007fff96be3000 	C:\WINDOWS\SYSTEM32\dinput8.dll
0x00007fff9cf70000 - 0x00007fff9cf80000 	C:\WINDOWS\SYSTEM32\xinput1_4.dll
0x00007fffad610000 - 0x00007fffad637000 	C:\WINDOWS\SYSTEM32\DEVOBJ.dll
0x00007fffabda0000 - 0x00007fffabdca000 	C:\WINDOWS\SYSTEM32\dwmapi.dll
0x00007fffab330000 - 0x00007fffab35e000 	C:\WINDOWS\SYSTEM32\inputhost.dll
0x00007fffaa1b0000 - 0x00007fffaa28c000 	C:\WINDOWS\SYSTEM32\CoreMessaging.dll
0x00007fff9d160000 - 0x00007fff9d44e000 	C:\WINDOWS\SYSTEM32\CoreUIComponents.dll
0x00007fffac930000 - 0x00007fffac961000 	C:\WINDOWS\SYSTEM32\ntmarta.dll
0x00007fffa9390000 - 0x00007fffa94c6000 	C:\WINDOWS\SYSTEM32\wintypes.dll
0x00007fffb0f70000 - 0x00007fffb10d7000 	C:\WINDOWS\System32\MSCTF.dll
0x00007fffae980000 - 0x00007fffaea45000 	C:\WINDOWS\System32\OLEAUT32.dll
0x00007fffac2d0000 - 0x00007fffac2dc000 	C:\WINDOWS\SYSTEM32\HID.DLL
0x00007fffb02b0000 - 0x00007fffb06fe000 	C:\WINDOWS\System32\SETUPAPI.DLL
0x00007fffade40000 - 0x00007fffade98000 	C:\WINDOWS\System32\WINTRUST.dll
0x00007fffad800000 - 0x00007fffad812000 	C:\WINDOWS\System32\MSASN1.dll
0x00007fffadb20000 - 0x00007fffadcee000 	C:\WINDOWS\System32\CRYPT32.dll
0x00007fff98b10000 - 0x00007fff98c2e000 	C:\WINDOWS\SYSTEM32\opengl32.dll
0x00007fff9e570000 - 0x00007fff9e59c000 	C:\WINDOWS\SYSTEM32\GLU32.dll
0x00007fff72da0000 - 0x00007fff735d2000 	C:\WINDOWS\SYSTEM32\ig7icd64.dll
0x00007fff9f120000 - 0x00007fff9f585000 	C:\WINDOWS\SYSTEM32\igdusc64.dll
0x00007fffa95b0000 - 0x00007fffa95c3000 	C:\WINDOWS\SYSTEM32\WTSAPI32.dll
0x00007fffac360000 - 0x00007fffac40f000 	C:\WINDOWS\SYSTEM32\dxgi.dll
0x00007fffaacc0000 - 0x00007fffaafa2000 	C:\WINDOWS\SYSTEM32\d3d11.dll
0x00007fff9a430000 - 0x00007fff9afd2000 	C:\WINDOWS\SYSTEM32\igd10iumd64.dll
0x00007fffb10e0000 - 0x00007fffb1229000 	C:\WINDOWS\System32\ole32.dll
0x00007fffad360000 - 0x00007fffad385000 	C:\WINDOWS\SYSTEM32\bcrypt.dll
0x00007fffad330000 - 0x00007fffad356000 	C:\WINDOWS\SYSTEM32\ncrypt.dll
0x00007fffad2f0000 - 0x00007fffad326000 	C:\WINDOWS\SYSTEM32\NTASN1.dll
0x00007fffa9e30000 - 0x00007fffa9ec8000 	C:\WINDOWS\System32\TextInputFramework.dll
0x00007fff88740000 - 0x00007fff8879f000 	C:\Users\NoneYa\AppData\Local\Temp\lwjglNoneYa\3.1.6-build-14\lwjgl_opengl.dll
0x00007fffac630000 - 0x00007fffac7f8000 	C:\WINDOWS\SYSTEM32\dbghelp.dll

VM Arguments:
jvm_args: -Dfile.encoding=Cp1252 
java_command: nate.master.com.Runtime
java_class_path (initial): C:\Program Files\Java\jre1.8.0_171\lib\resources.jar;C:\Program Files\Java\jre1.8.0_171\lib\rt.jar;C:\Program Files\Java\jre1.8.0_171\lib\jsse.jar;C:\Program Files\Java\jre1.8.0_171\lib\jce.jar;C:\Program Files\Java\jre1.8.0_171\lib\charsets.jar;C:\Program Files\Java\jre1.8.0_171\lib\jfr.jar;C:\Program Files\Java\jre1.8.0_171\lib\ext\access-bridge-64.jar;C:\Program Files\Java\jre1.8.0_171\lib\ext\cldrdata.jar;C:\Program Files\Java\jre1.8.0_171\lib\ext\dnsns.jar;C:\Program Files\Java\jre1.8.0_171\lib\ext\jaccess.jar;C:\Program Files\Java\jre1.8.0_171\lib\ext\jfxrt.jar;C:\Program Files\Java\jre1.8.0_171\lib\ext\localedata.jar;C:\Program Files\Java\jre1.8.0_171\lib\ext\nashorn.jar;C:\Program Files\Java\jre1.8.0_171\lib\ext\sunec.jar;C:\Program Files\Java\jre1.8.0_171\lib\ext\sunjce_provider.jar;C:\Program Files\Java\jre1.8.0_171\lib\ext\sunmscapi.jar;C:\Program Files\Java\jre1.8.0_171\lib\ext\sunpkcs11.jar;C:\Program Files\Java\jre1.8.0_171\lib\ext\zipfs.jar;C:\Users\NoneYa\eclipse-workspace\LWJGL_Master\bin;C:\Users\NoneYa\eclipse-workspace\LWJGL_Master\libs\lwjgl-assimp-javadoc.jar;C:\Users\NoneYa\eclipse-workspace\LWJGL_Master\libs\lwjgl-assimp-natives-windows.jar;C:\Users\NoneYa\eclipse-workspace\LWJGL_Master\libs\lwjgl-assimp-sources.jar;C:\Users\NoneYa\eclipse-workspace\LWJGL_Master\libs\lwjgl-assimp.jar;C:\Users\NoneYa\eclipse-workspace\LWJGL_Master\libs\lwjgl-bgfx-javadoc.jar;C:\Users\NoneYa\eclipse-workspace\LWJGL_Master\libs\lwjgl-bgfx-natives-windows.jar;C:\Users\NoneYa\eclipse-workspace\LWJGL_Master\libs\lwjgl-bgfx-sources.jar;C:\Users\NoneYa\eclipse-workspace\LWJGL_Master\libs\lwjgl-bgfx.jar;C:\Users\NoneYa\eclipse-workspace\LWJGL_Master\libs\lwjgl-glfw-javadoc.jar;C:\Users\NoneYa\eclipse-workspace\LWJGL_Master\libs\lwjgl-glfw-natives-windows.jar;C:\Users\NoneYa\eclipse-workspace\LWJGL_Master\libs\lwjgl-glfw-sources.jar;C:\Users\NoneYa\eclipse-workspace\LWJGL_Master\libs\lwjgl-glfw.jar;C:\Users\NoneYa\eclipse-workspace\LWJGL_Ma
Launcher Type: SUN_STANDARD

Environment Variables:
PATH=C:/Program Files/Java/jre1.8.0_171/bin/server;C:/Program Files/Java/jre1.8.0_171/bin;C:/Program Files/Java/jre1.8.0_171/lib/amd64;C:\Program Files (x86)\Common Files\Oracle\Java\javapath;C:\ProgramData\Oracle\Java\javapath;C:\WINDOWS\system32;C:\WINDOWS;C:\WINDOWS\System32\Wbem;C:\WINDOWS\System32\WindowsPowerShell\v1.0\;C:\Program Files\PuTTY\;C:\Users\NoneYa\AppData\Local\Microsoft\WindowsApps;;C:\Users\NoneYa\Downloads;
USERNAME=NoneYa
OS=Windows_NT
PROCESSOR_IDENTIFIER=Intel64 Family 6 Model 58 Stepping 9, GenuineIntel



---------------  S Y S T E M  ---------------

OS: Windows 10.0 , 64 bit Build 16299 (10.0.16299.431)

CPU:total 4 (initial active 4) (2 cores per cpu, 2 threads per core) family 6 model 58 stepping 9, cmov, cx8, fxsr, mmx, sse, sse2, sse3, ssse3, sse4.1, sse4.2, popcnt, avx, aes, clmul, erms, ht, tsc, tscinvbit, tscinv

Memory: 4k page, physical 8078996k(3454396k free), swap 9389716k(3642128k free)

vm_info: Java HotSpot(TM) 64-Bit Server VM (25.171-b11) for windows-amd64 JRE (1.8.0_171-b11), built on Mar 28 2018 16:06:12 by "java_re" with MS VC++ 10.0 (VS2010)

time: Fri May 25 14:15:37 2018
elapsed time: 0 seconds (0d 0h 0m 0s)

