#
# A fatal error has been detected by the Java Runtime Environment:
#
#  EXCEPTION_ACCESS_VIOLATION (0xc0000005) at pc=0x00007ffe0d92f5c6, pid=1120, tid=0x0000000000002d90
#
# JRE version: Java(TM) SE Runtime Environment (8.0_161-b12) (build 1.8.0_161-b12)
# Java VM: Java HotSpot(TM) 64-Bit Server VM (25.161-b12 mixed mode windows-amd64 compressed oops)
# Problematic frame:
# C  [ntdll.dll+0x2f5c6]
#
# Failed to write core dump. Minidumps are not enabled by default on client versions of Windows
#
# If you would like to submit a bug report, please visit:
#   http://bugreport.java.com/bugreport/crash.jsp
# The crash happened outside the Java Virtual Machine in native code.
# See problematic frame for where to report the bug.
#

---------------  T H R E A D  ---------------

Current thread (0x00000000032d3800):  JavaThread "main" [_thread_in_native, id=11664, stack(0x0000000003150000,0x0000000003250000)]

siginfo: ExceptionCode=0xc0000005, reading address 0x0000000000000092

Registers:
RAX=0x0000000000000000, RBX=0x000000000324e7f0, RCX=0x000000000324e790, RDX=0x0000000000000092
RSP=0x000000000324e768, RBP=0x0000000000000000, RSI=0x00000000000000dc, RDI=0x0000000000000092
R8 =0x0000000000000000, R9 =0x0000000000000004, R10=0x000000000000001b, R11=0x000000000324e7f0
R12=0x00000000ffffffff, R13=0x0000000000000000, R14=0x0000000000000002, R15=0x0000000000000004
RIP=0x00007ffe0d92f5c6, EFLAGS=0x0000000000010256

Top of Stack: (sp=0x000000000324e768)
0x000000000324e768:   00007ffe0b115a65 000000000129eba0
0x000000000324e778:   0000000000000000 0000000001239bd8
0x000000000324e788:   000000000000011b 0000000000000000
0x000000000324e798:   0000000000000092 00000000032d3800
0x000000000324e7a8:   0000000000000002 0000000000000000
0x000000000324e7b8:   000000000324eda0 000000000324e960
0x000000000324e7c8:   00007ffdf836961e 0000000000000002
0x000000000324e7d8:   00000000000000dc 000000000324e964
0x000000000324e7e8:   00000000032d3800 0000000000000000
0x000000000324e7f8:   0000000000000000 0000000000000000
0x000000000324e808:   0000000000000000 0000000000000000
0x000000000324e818:   0000000000000000 0000000000000000
0x000000000324e828:   0000000000000000 000000dc00000000
0x000000000324e838:   0000000000000000 0000000000000000
0x000000000324e848:   0000000000000000 0000000000000000
0x000000000324e858:   0000000000000000 0000000000000000 

Instructions: (pc=0x00007ffe0d92f5c6)
0x00007ffe0d92f5a6:   cc cc cc cc cc cc cc cc cc cc 45 33 c0 48 89 51
0x00007ffe0d92f5b6:   08 44 89 01 48 85 d2 74 2b 48 83 c8 ff 48 ff c0
0x00007ffe0d92f5c6:   66 44 39 04 42 75 f6 48 03 c0 ba fc ff 00 00 48
0x00007ffe0d92f5d6:   3d fe ff 00 00 48 0f 43 c2 66 89 01 66 83 c0 02 


Register to memory mapping:

RAX=0x0000000000000000 is an unknown value
RBX=0x000000000324e7f0 is pointing into the stack for thread: 0x00000000032d3800
RCX=0x000000000324e790 is pointing into the stack for thread: 0x00000000032d3800
RDX=0x0000000000000092 is an unknown value
RSP=0x000000000324e768 is pointing into the stack for thread: 0x00000000032d3800
RBP=0x0000000000000000 is an unknown value
RSI=0x00000000000000dc is an unknown value
RDI=0x0000000000000092 is an unknown value
R8 =0x0000000000000000 is an unknown value
R9 =0x0000000000000004 is an unknown value
R10=0x000000000000001b is an unknown value
R11=0x000000000324e7f0 is pointing into the stack for thread: 0x00000000032d3800
R12=0x00000000ffffffff is an unknown value
R13=0x0000000000000000 is an unknown value
R14=0x0000000000000002 is an unknown value
R15=0x0000000000000004 is an unknown value


Stack: [0x0000000003150000,0x0000000003250000],  sp=0x000000000324e768,  free space=1017k
Native frames: (J=compiled Java code, j=interpreted, Vv=VM code, C=native code)

Java frames: (J=compiled Java code, j=interpreted, Vv=VM code)
j  org.lwjgl.system.JNI.invokePPPP(JIIJJJ)J+0
j  org.lwjgl.glfw.GLFW.nglfwCreateWindow(IIJJJ)J+14
j  org.lwjgl.glfw.GLFW.glfwCreateWindow(IILjava/lang/CharSequence;JJ)J+33
j  nate.master.com.GameWindow.create()V+15
j  nate.master.com.Runtime.<init>()V+18
j  nate.master.com.Runtime.main([Ljava/lang/String;)V+55
v  ~StubRoutines::call_stub

---------------  P R O C E S S  ---------------

Java Threads: ( => current thread )
  0x000000001ee2a800 JavaThread "Service Thread" daemon [_thread_blocked, id=4840, stack(0x000000001f950000,0x000000001fa50000)]
  0x000000001ed9f800 JavaThread "C1 CompilerThread3" daemon [_thread_blocked, id=5464, stack(0x000000001f850000,0x000000001f950000)]
  0x000000001ed96000 JavaThread "C2 CompilerThread2" daemon [_thread_in_native, id=9788, stack(0x000000001f750000,0x000000001f850000)]
  0x000000001ed92000 JavaThread "C2 CompilerThread1" daemon [_thread_blocked, id=3396, stack(0x000000001f650000,0x000000001f750000)]
  0x000000001ed8d000 JavaThread "C2 CompilerThread0" daemon [_thread_blocked, id=7732, stack(0x000000001f550000,0x000000001f650000)]
  0x000000001ed8c000 JavaThread "Attach Listener" daemon [_thread_blocked, id=7184, stack(0x000000001f450000,0x000000001f550000)]
  0x000000001ed87000 JavaThread "Signal Dispatcher" daemon [_thread_blocked, id=4036, stack(0x000000001f350000,0x000000001f450000)]
  0x000000001ed80800 JavaThread "Finalizer" daemon [_thread_blocked, id=1444, stack(0x000000001f160000,0x000000001f260000)]
  0x000000001ce8d800 JavaThread "Reference Handler" daemon [_thread_blocked, id=9444, stack(0x000000001ec60000,0x000000001ed60000)]
=>0x00000000032d3800 JavaThread "main" [_thread_in_native, id=11664, stack(0x0000000003150000,0x0000000003250000)]

Other Threads:
  0x000000001ce88800 VMThread [stack: 0x000000001eb60000,0x000000001ec60000] [id=10612]
  0x000000001ee44800 WatcherThread [stack: 0x000000001fa50000,0x000000001fb50000] [id=1872]

VM state:not at safepoint (normal execution)

VM Mutex/Monitor currently owned by a thread: None

Heap:
 PSYoungGen      total 76288K, used 11828K [0x000000076ae00000, 0x0000000770300000, 0x00000007c0000000)
  eden space 65536K, 18% used [0x000000076ae00000,0x000000076b98d170,0x000000076ee00000)
  from space 10752K, 0% used [0x000000076f880000,0x000000076f880000,0x0000000770300000)
  to   space 10752K, 0% used [0x000000076ee00000,0x000000076ee00000,0x000000076f880000)
 ParOldGen       total 175104K, used 0K [0x00000006c0a00000, 0x00000006cb500000, 0x000000076ae00000)
  object space 175104K, 0% used [0x00000006c0a00000,0x00000006c0a00000,0x00000006cb500000)
 Metaspace       used 7279K, capacity 7420K, committed 7552K, reserved 1056768K
  class space    used 732K, capacity 798K, committed 896K, reserved 1048576K

Card table byte_map: [0x0000000012790000,0x0000000012f90000] byte_map_base: 0x000000000f18b000

Marking Bits: (ParMarkBitMap*) 0x00000000752bf860
 Begin Bits: [0x0000000013cf0000, 0x0000000017cc8000)
 End Bits:   [0x0000000017cc8000, 0x000000001bca0000)

Polling page: 0x00000000030b0000

CodeCache: size=245760Kb used=2512Kb max_used=2529Kb free=243247Kb
 bounds [0x00000000033d0000, 0x0000000003650000, 0x00000000123d0000]
 total_blobs=1264 nmethods=508 adapters=669
 compilation: enabled

Compilation events (10 events):
Event: 0.271 Thread 0x000000001ed92000 nmethod 492 0x000000000363d2d0 code [0x000000000363d540, 0x000000000363e900]
Event: 0.271 Thread 0x000000001ed9f800 nmethod 504 0x00000000036400d0 code [0x0000000003640580, 0x0000000003643608]
Event: 0.271 Thread 0x000000001ed9f800  505   !   3       java.lang.ref.Finalizer::add (41 bytes)
Event: 0.271 Thread 0x000000001ed9f800 nmethod 505 0x0000000003639a90 code [0x0000000003639c00, 0x0000000003639fb0]
Event: 0.273 Thread 0x000000001ed9f800  506       3       sun.misc.FDBigInteger::mult (64 bytes)
Event: 0.274 Thread 0x000000001ed9f800 nmethod 506 0x0000000003638d90 code [0x0000000003638f00, 0x0000000003639190]
Event: 0.274 Thread 0x000000001ed9f800  507       3       sun.misc.FDBigInteger::<init> (30 bytes)
Event: 0.274 Thread 0x000000001ed9f800 nmethod 507 0x0000000003638910 code [0x0000000003638a80, 0x0000000003638ca8]
Event: 0.274 Thread 0x000000001ed9f800  508       3       sun.misc.FDBigInteger::trimLeadingZeros (57 bytes)
Event: 0.274 Thread 0x000000001ed9f800 nmethod 508 0x0000000003638350 code [0x00000000036384c0, 0x00000000036387f0]

GC Heap History (0 events):
No events

Deoptimization events (1 events):
Event: 0.055 Thread 0x00000000032d3800 Uncommon trap: reason=unstable_if action=reinterpret pc=0x00000000034ebfc4 method=java.lang.String.hashCode()I @ 14

Classes redefined (0 events):
No events

Internal exceptions (9 events):
Event: 0.019 Thread 0x00000000032d3800 Exception <a 'java/lang/NoSuchMethodError': Method sun.misc.Unsafe.defineClass(Ljava/lang/String;[BII)Ljava/lang/Class; name or signature does not match> (0x000000076ae07ca0) thrown at [C:\re\workspace\8-2-build-windows-amd64-cygwin\jdk8u161\10277\hotspot
Event: 0.020 Thread 0x00000000032d3800 Exception <a 'java/lang/NoSuchMethodError': Method sun.misc.Unsafe.prefetchRead(Ljava/lang/Object;J)V name or signature does not match> (0x000000076ae07f88) thrown at [C:\re\workspace\8-2-build-windows-amd64-cygwin\jdk8u161\10277\hotspot\src\share\vm\prim
Event: 0.084 Thread 0x00000000032d3800 Exception <a 'java/lang/NoSuchMethodError': java.lang.Object.lambda$static$0(Ljava/lang/String;)Ljava/lang/Boolean;> (0x000000076b1bd2a0) thrown at [C:\re\workspace\8-2-build-windows-amd64-cygwin\jdk8u161\10277\hotspot\src\share\vm\interpreter\linkResolve
Event: 0.090 Thread 0x00000000032d3800 Exception <a 'java/lang/NoSuchFieldError': method resolution failed> (0x000000076b2350b0) thrown at [C:\re\workspace\8-2-build-windows-amd64-cygwin\jdk8u161\10277\hotspot\src\share\vm\prims\methodHandles.cpp, line 1167]
Event: 0.091 Thread 0x00000000032d3800 Exception <a 'java/lang/NoSuchFieldError': method resolution failed> (0x000000076b2424b0) thrown at [C:\re\workspace\8-2-build-windows-amd64-cygwin\jdk8u161\10277\hotspot\src\share\vm\prims\methodHandles.cpp, line 1167]
Event: 0.126 Thread 0x00000000032d3800 Exception <a 'java/security/PrivilegedActionException'> (0x000000076b3fcde0) thrown at [C:\re\workspace\8-2-build-windows-amd64-cygwin\jdk8u161\10277\hotspot\src\share\vm\prims\jvm.cpp, line 1390]
Event: 0.126 Thread 0x00000000032d3800 Exception <a 'java/security/PrivilegedActionException'> (0x000000076b3fcff0) thrown at [C:\re\workspace\8-2-build-windows-amd64-cygwin\jdk8u161\10277\hotspot\src\share\vm\prims\jvm.cpp, line 1390]
Event: 0.126 Thread 0x00000000032d3800 Exception <a 'java/security/PrivilegedActionException'> (0x000000076b400e48) thrown at [C:\re\workspace\8-2-build-windows-amd64-cygwin\jdk8u161\10277\hotspot\src\share\vm\prims\jvm.cpp, line 1390]
Event: 0.126 Thread 0x00000000032d3800 Exception <a 'java/security/PrivilegedActionException'> (0x000000076b401058) thrown at [C:\re\workspace\8-2-build-windows-amd64-cygwin\jdk8u161\10277\hotspot\src\share\vm\prims\jvm.cpp, line 1390]

Events (10 events):
Event: 0.274 loading class nate/master/com/Managers/EntityManager
Event: 0.274 loading class nate/master/com/Managers/EntityManager done
Event: 0.274 loading class nate/master/com/abstracts/ObjectStack
Event: 0.274 loading class nate/master/com/abstracts/ObjectStack done
Event: 0.274 loading class nate/master/com/Matrixes/ModelMatrix
Event: 0.274 loading class nate/master/com/Matrixes/ModelMatrix done
Event: 0.274 loading class nate/master/com/Managers/BulletManager
Event: 0.274 loading class nate/master/com/Managers/BulletManager done
Event: 0.275 loading class org/lwjgl/glfw/EventLoop$OffScreen
Event: 0.275 loading class org/lwjgl/glfw/EventLoop$OffScreen done


Dynamic libraries:
0x00007ff6290c0000 - 0x00007ff6290f7000 	C:\Program Files\Java\jre1.8.0_161\bin\javaw.exe
0x00007ffe0d900000 - 0x00007ffe0dae1000 	C:\WINDOWS\SYSTEM32\ntdll.dll
0x00007ffe0bfb0000 - 0x00007ffe0c062000 	C:\WINDOWS\System32\KERNEL32.DLL
0x00007ffe0a850000 - 0x00007ffe0aac3000 	C:\WINDOWS\System32\KERNELBASE.dll
0x00007ffe0b820000 - 0x00007ffe0b8c1000 	C:\WINDOWS\System32\ADVAPI32.dll
0x00007ffe0ba50000 - 0x00007ffe0baee000 	C:\WINDOWS\System32\msvcrt.dll
0x00007ffe0b280000 - 0x00007ffe0b2db000 	C:\WINDOWS\System32\sechost.dll
0x00007ffe0c070000 - 0x00007ffe0c194000 	C:\WINDOWS\System32\RPCRT4.dll
0x00007ffe0b0f0000 - 0x00007ffe0b280000 	C:\WINDOWS\System32\USER32.dll
0x00007ffe0aad0000 - 0x00007ffe0aaf0000 	C:\WINDOWS\System32\win32u.dll
0x00007ffe0ad90000 - 0x00007ffe0adb8000 	C:\WINDOWS\System32\GDI32.dll
0x00007ffe0a6b0000 - 0x00007ffe0a842000 	C:\WINDOWS\System32\gdi32full.dll
0x00007ffe0aaf0000 - 0x00007ffe0ab8f000 	C:\WINDOWS\System32\msvcp_win.dll
0x00007ffe0ab90000 - 0x00007ffe0ac8a000 	C:\WINDOWS\System32\ucrtbase.dll
0x00007ffdff070000 - 0x00007ffdff2d9000 	C:\WINDOWS\WinSxS\amd64_microsoft.windows.common-controls_6595b64144ccf1df_6.0.17134.48_none_b4b2216a3cb4dd3e\COMCTL32.dll
0x00007ffe0b440000 - 0x00007ffe0b763000 	C:\WINDOWS\System32\combase.dll
0x00007ffe0a630000 - 0x00007ffe0a6aa000 	C:\WINDOWS\System32\bcryptPrimitives.dll
0x00007ffe0c250000 - 0x00007ffe0c27d000 	C:\WINDOWS\System32\IMM32.DLL
0x00000000741e0000 - 0x00000000742b2000 	C:\Program Files\Java\jre1.8.0_161\bin\msvcr100.dll
0x0000000074aa0000 - 0x000000007533f000 	C:\Program Files\Java\jre1.8.0_161\bin\server\jvm.dll
0x00007ffe0d760000 - 0x00007ffe0d768000 	C:\WINDOWS\System32\PSAPI.DLL
0x00007ffe05410000 - 0x00007ffe05419000 	C:\WINDOWS\SYSTEM32\WSOCK32.dll
0x00007ffe03c50000 - 0x00007ffe03c5a000 	C:\WINDOWS\SYSTEM32\VERSION.dll
0x00007ffdfff30000 - 0x00007ffdfff53000 	C:\WINDOWS\SYSTEM32\WINMM.dll
0x00007ffe0bf40000 - 0x00007ffe0bfac000 	C:\WINDOWS\System32\WS2_32.dll
0x00007ffdffd10000 - 0x00007ffdffd3a000 	C:\WINDOWS\SYSTEM32\winmmbase.dll
0x00007ffe0ac90000 - 0x00007ffe0acd9000 	C:\WINDOWS\System32\cfgmgr32.dll
0x00000000749b0000 - 0x00000000749bf000 	C:\Program Files\Java\jre1.8.0_161\bin\verify.dll
0x0000000074980000 - 0x00000000749a9000 	C:\Program Files\Java\jre1.8.0_161\bin\java.dll
0x0000000074960000 - 0x0000000074976000 	C:\Program Files\Java\jre1.8.0_161\bin\zip.dll
0x00007ffe0c280000 - 0x00007ffe0d6c0000 	C:\WINDOWS\System32\SHELL32.dll
0x00007ffe0c1a0000 - 0x00007ffe0c249000 	C:\WINDOWS\System32\shcore.dll
0x00007ffe09cd0000 - 0x00007ffe0a3dd000 	C:\WINDOWS\System32\windows.storage.dll
0x00007ffe0aef0000 - 0x00007ffe0af41000 	C:\WINDOWS\System32\shlwapi.dll
0x00007ffe09c90000 - 0x00007ffe09ca1000 	C:\WINDOWS\System32\kernel.appcore.dll
0x00007ffe09c70000 - 0x00007ffe09c8f000 	C:\WINDOWS\System32\profapi.dll
0x00007ffe09c20000 - 0x00007ffe09c6c000 	C:\WINDOWS\System32\powrprof.dll
0x00007ffe09c10000 - 0x00007ffe09c1a000 	C:\WINDOWS\System32\FLTLIB.DLL
0x0000000074940000 - 0x000000007495a000 	C:\Program Files\Java\jre1.8.0_161\bin\net.dll
0x00007ffe09490000 - 0x00007ffe094f6000 	C:\WINDOWS\system32\mswsock.dll
0x0000000074920000 - 0x0000000074931000 	C:\Program Files\Java\jre1.8.0_161\bin\nio.dll
0x00007ffe01210000 - 0x00007ffe0126b000 	C:\Users\Nate\AppData\Local\Temp\lwjglNate\3.1.6-build-14\lwjgl.dll
0x00007ffdf8360000 - 0x00007ffdf83b1000 	C:\Users\Nate\AppData\Local\Temp\lwjglNate\3.1.6-build-14\glfw.dll
0x00007ffe080c0000 - 0x00007ffe08158000 	C:\WINDOWS\system32\uxtheme.dll
0x00007ffdf5e30000 - 0x00007ffdf5e73000 	C:\WINDOWS\SYSTEM32\dinput8.dll
0x00007ffe07de0000 - 0x00007ffe07df0000 	C:\WINDOWS\SYSTEM32\xinput1_4.dll
0x00007ffe09a20000 - 0x00007ffe09a47000 	C:\WINDOWS\SYSTEM32\DEVOBJ.dll
0x00007ffe02cd0000 - 0x00007ffe02d49000 	C:\WINDOWS\SYSTEM32\inputhost.dll
0x00007ffe05a50000 - 0x00007ffe05b9d000 	C:\WINDOWS\SYSTEM32\wintypes.dll
0x00007ffe07990000 - 0x00007ffe07a6a000 	C:\WINDOWS\SYSTEM32\CoreMessaging.dll
0x00007ffdf77a0000 - 0x00007ffdf7abe000 	C:\WINDOWS\SYSTEM32\CoreUIComponents.dll
0x00007ffe08d00000 - 0x00007ffe08d31000 	C:\WINDOWS\SYSTEM32\ntmarta.dll
0x00007ffe083a0000 - 0x00007ffe083c9000 	C:\WINDOWS\SYSTEM32\dwmapi.dll
0x00007ffe0b8d0000 - 0x00007ffe0ba45000 	C:\WINDOWS\System32\MSCTF.dll
0x00007ffe0adc0000 - 0x00007ffe0ae82000 	C:\WINDOWS\System32\OLEAUT32.dll
0x00007ffe08940000 - 0x00007ffe0894c000 	C:\WINDOWS\SYSTEM32\HID.DLL
0x00007ffe0baf0000 - 0x00007ffe0bf3b000 	C:\WINDOWS\System32\SETUPAPI.DLL
0x00007ffe0a3e0000 - 0x00007ffe0a437000 	C:\WINDOWS\System32\WINTRUST.dll
0x00007ffe09cb0000 - 0x00007ffe09cc2000 	C:\WINDOWS\System32\MSASN1.dll
0x00007ffe0a440000 - 0x00007ffe0a622000 	C:\WINDOWS\System32\CRYPT32.dll
0x00007ffdfc2c0000 - 0x00007ffdfc489000 	C:\WINDOWS\SYSTEM32\dbghelp.dll

VM Arguments:
jvm_args: -Dfile.encoding=Cp1252 
java_command: nate.master.com.Runtime
java_class_path (initial): C:\Program Files\Java\jre1.8.0_161\lib\resources.jar;C:\Program Files\Java\jre1.8.0_161\lib\rt.jar;C:\Program Files\Java\jre1.8.0_161\lib\jsse.jar;C:\Program Files\Java\jre1.8.0_161\lib\jce.jar;C:\Program Files\Java\jre1.8.0_161\lib\charsets.jar;C:\Program Files\Java\jre1.8.0_161\lib\jfr.jar;C:\Program Files\Java\jre1.8.0_161\lib\ext\access-bridge-64.jar;C:\Program Files\Java\jre1.8.0_161\lib\ext\cldrdata.jar;C:\Program Files\Java\jre1.8.0_161\lib\ext\dnsns.jar;C:\Program Files\Java\jre1.8.0_161\lib\ext\jaccess.jar;C:\Program Files\Java\jre1.8.0_161\lib\ext\jfxrt.jar;C:\Program Files\Java\jre1.8.0_161\lib\ext\localedata.jar;C:\Program Files\Java\jre1.8.0_161\lib\ext\nashorn.jar;C:\Program Files\Java\jre1.8.0_161\lib\ext\sunec.jar;C:\Program Files\Java\jre1.8.0_161\lib\ext\sunjce_provider.jar;C:\Program Files\Java\jre1.8.0_161\lib\ext\sunmscapi.jar;C:\Program Files\Java\jre1.8.0_161\lib\ext\sunpkcs11.jar;C:\Program Files\Java\jre1.8.0_161\lib\ext\zipfs.jar;C:\Users\Nate\git\Front_A00\LWJGL_Master\bin;C:\Users\Nate\git\Front_A00\LWJGL_Master\libs\lwjgl-assimp-javadoc.jar;C:\Users\Nate\git\Front_A00\LWJGL_Master\libs\lwjgl-assimp-natives-windows.jar;C:\Users\Nate\git\Front_A00\LWJGL_Master\libs\lwjgl-assimp-sources.jar;C:\Users\Nate\git\Front_A00\LWJGL_Master\libs\lwjgl-assimp.jar;C:\Users\Nate\git\Front_A00\LWJGL_Master\libs\lwjgl-bgfx-javadoc.jar;C:\Users\Nate\git\Front_A00\LWJGL_Master\libs\lwjgl-bgfx-natives-windows.jar;C:\Users\Nate\git\Front_A00\LWJGL_Master\libs\lwjgl-bgfx-sources.jar;C:\Users\Nate\git\Front_A00\LWJGL_Master\libs\lwjgl-bgfx.jar;C:\Users\Nate\git\Front_A00\LWJGL_Master\libs\lwjgl-glfw-javadoc.jar;C:\Users\Nate\git\Front_A00\LWJGL_Master\libs\lwjgl-glfw-natives-windows.jar;C:\Users\Nate\git\Front_A00\LWJGL_Master\libs\lwjgl-glfw-sources.jar;C:\Users\Nate\git\Front_A00\LWJGL_Master\libs\lwjgl-glfw.jar;C:\Users\Nate\git\Front_A00\LWJGL_Master\libs\lwjgl-javadoc.jar;C:\Users\Nate\git\Front_A00\LWJGL_Master\libs\lwjgl-nano
Launcher Type: SUN_STANDARD

Environment Variables:
PATH=C:/Program Files/Java/jre1.8.0_161/bin/server;C:/Program Files/Java/jre1.8.0_161/bin;C:/Program Files/Java/jre1.8.0_161/lib/amd64;C:\ProgramData\Oracle\Java\javapath;C:\Windows\system32;C:\Windows;C:\Windows\System32\Wbem;C:\Windows\System32\WindowsPowerShell\v1.0\;C:\Program Files (x86)\NVIDIA Corporation\PhysX\Common;C:\WINDOWS\system32;C:\WINDOWS;C:\WINDOWS\System32\Wbem;C:\WINDOWS\System32\WindowsPowerShell\v1.0\;C:\WINDOWS\System32\OpenSSH\;C:\Users\Nate\AppData\Local\Microsoft\WindowsApps;;G:\Desktop;
USERNAME=Nate
OS=Windows_NT
PROCESSOR_IDENTIFIER=Intel64 Family 6 Model 94 Stepping 3, GenuineIntel



---------------  S Y S T E M  ---------------

OS: Windows 10.0 , 64 bit Build 17134 (10.0.17134.1)

CPU:total 8 (initial active 8) (4 cores per cpu, 2 threads per core) family 6 model 94 stepping 3, cmov, cx8, fxsr, mmx, sse, sse2, sse3, ssse3, sse4.1, sse4.2, popcnt, avx, avx2, aes, clmul, erms, rtm, 3dnowpref, lzcnt, ht, tsc, tscinvbit, bmi1, bmi2, adx

Memory: 4k page, physical 16735336k(11478168k free), swap 19225704k(10304024k free)

vm_info: Java HotSpot(TM) 64-Bit Server VM (25.161-b12) for windows-amd64 JRE (1.8.0_161-b12), built on Dec 19 2017 17:52:25 by "java_re" with MS VC++ 10.0 (VS2010)

time: Sat Jun 02 16:19:53 2018
elapsed time: 0 seconds (0d 0h 0m 0s)

