#
# A fatal error has been detected by the Java Runtime Environment:
#
#  EXCEPTION_ACCESS_VIOLATION (0xc0000005) at pc=0x00007fff816e28f7, pid=832, tid=0x00000000000031dc
#
# JRE version: Java(TM) SE Runtime Environment (8.0_171-b11) (build 1.8.0_171-b11)
# Java VM: Java HotSpot(TM) 64-Bit Server VM (25.171-b11 mixed mode windows-amd64 compressed oops)
# Problematic frame:
# C  [lwjgl_opengl.dll+0x128f7]
#
# Failed to write core dump. Minidumps are not enabled by default on client versions of Windows
#
# If you would like to submit a bug report, please visit:
#   http://bugreport.java.com/bugreport/crash.jsp
# The crash happened outside the Java Virtual Machine in native code.
# See problematic frame for where to report the bug.
#

---------------  T H R E A D  ---------------

Current thread (0x000000000293e800):  JavaThread "main" [_thread_in_native, id=12764, stack(0x0000000004230000,0x0000000004330000)]

siginfo: ExceptionCode=0xc0000005, reading address 0x0000000000000878

Registers:
RAX=0x000000005a364d50, RBX=0x00000000188cf038, RCX=0x0000000000000000, RDX=0x000000000432f3f8
RSP=0x000000000432f378, RBP=0x000000000432f3e8, RSI=0x0000000000200021, RDI=0x000000000443835d
R8 =0x0000000000000004, R9 =0x0000000002937550, R10=0x0000000004448c3b, R11=0x0000000059dec460
R12=0x0000000000000000, R13=0x00000000188cf030, R14=0x000000000432f400, R15=0x000000000293e800
RIP=0x00007fff816e28f7, EFLAGS=0x0000000000010206

Top of Stack: (sp=0x000000000432f378)
0x000000000432f378:   0000000004448c67 000000000293e800
0x000000000432f388:   00000000188cf038 0000000000200021
0x000000000432f398:   000000000293e800 0000000004448962
0x000000000432f3a8:   000000000432f3a8 00000000188cf030
0x000000000432f3b8:   000000000432f400 00000000188dc210
0x000000000432f3c8:   0000000000000000 00000000188cf038
0x000000000432f3d8:   0000000000000000 000000000432f408
0x000000000432f3e8:   000000000432f450 0000000004437da0
0x000000000432f3f8:   00000000d753d090 00000000044421d6
0x000000000432f408:   00000000d75135d0 000000000432f410
0x000000000432f418:   00000000188cb0ed 000000000432f468
0x000000000432f428:   00000000188cb840 0000000000000000
0x000000000432f438:   00000000188cb138 000000000432f408
0x000000000432f448:   000000000432f468 000000000432f4c0
0x000000000432f458:   000000000443835d 0000000000000000
0x000000000432f468:   00000000d75135d0 00000000d75135d0 

Instructions: (pc=0x00007fff816e28f7)
0x00007fff816e28d7:   8b 44 24 28 41 8b d1 41 8b cb 4c 8b 50 18 49 ff
0x00007fff816e28e7:   a2 b8 15 00 00 cc cc cc cc 48 8b 01 48 8b 48 18
0x00007fff816e28f7:   48 8b 81 78 08 00 00 48 ff e0 cc cc cc cc cc cc
0x00007fff816e2907:   cc cc cc cc cc cc cc cc cc 48 8b 01 41 8b c8 48 


Register to memory mapping:

RAX=0x000000005a364d50 is an unknown value
RBX={method} {0x00000000188cf040} 'glCreateProgram' '()I' in 'org/lwjgl/opengl/GL20'
RCX=0x0000000000000000 is an unknown value
RDX=0x000000000432f3f8 is pointing into the stack for thread: 0x000000000293e800
RSP=0x000000000432f378 is pointing into the stack for thread: 0x000000000293e800
RBP=0x000000000432f3e8 is pointing into the stack for thread: 0x000000000293e800
RSI=0x0000000000200021 is an unknown value
RDI=0x000000000443835d is at code_begin+2301 in an Interpreter codelet
invoke return entry points  [0x0000000004437a60, 0x0000000004438440]  2528 bytes
R8 =0x0000000000000004 is an unknown value
R9 =0x0000000002937550 is an unknown value
R10=0x0000000004448c3b is at code_begin+891 in an Interpreter codelet
method entry point (kind = native)  [0x00000000044488c0, 0x0000000004449280]  2496 bytes
R11=0x0000000059dec460 is an unknown value
R12=0x0000000000000000 is an unknown value
R13=0x00000000188cf030 is pointing into metadata
R14=0x000000000432f400 is pointing into the stack for thread: 0x000000000293e800
R15=0x000000000293e800 is a thread


Stack: [0x0000000004230000,0x0000000004330000],  sp=0x000000000432f378,  free space=1020k
Native frames: (J=compiled Java code, j=interpreted, Vv=VM code, C=native code)
C  [lwjgl_opengl.dll+0x128f7]

Java frames: (J=compiled Java code, j=interpreted, Vv=VM code)
j  org.lwjgl.opengl.GL20.glCreateProgram()I+0
j  nate.master.com.ShaderProgram.<init>()V+5
j  nate.master.com.Renderer.<init>()V+9
j  nate.master.com.Runtime.<init>()V+26
j  nate.master.com.Runtime.main([Ljava/lang/String;)V+28
v  ~StubRoutines::call_stub

---------------  P R O C E S S  ---------------

Java Threads: ( => current thread )
  0x000000001a70c800 JavaThread "Service Thread" daemon [_thread_blocked, id=14048, stack(0x000000001aae0000,0x000000001abe0000)]
  0x0000000018da8800 JavaThread "C1 CompilerThread2" daemon [_thread_blocked, id=5196, stack(0x000000001a5e0000,0x000000001a6e0000)]
  0x0000000018da3800 JavaThread "C2 CompilerThread1" daemon [_thread_blocked, id=1752, stack(0x000000001a4e0000,0x000000001a5e0000)]
  0x0000000018d9f000 JavaThread "C2 CompilerThread0" daemon [_thread_blocked, id=5304, stack(0x000000001a3e0000,0x000000001a4e0000)]
  0x0000000018d9c800 JavaThread "Attach Listener" daemon [_thread_blocked, id=14156, stack(0x000000001a2e0000,0x000000001a3e0000)]
  0x0000000018d9b000 JavaThread "Signal Dispatcher" daemon [_thread_blocked, id=12616, stack(0x000000001a1e0000,0x000000001a2e0000)]
  0x000000000442d000 JavaThread "Finalizer" daemon [_thread_blocked, id=10264, stack(0x0000000019ff0000,0x000000001a0f0000)]
  0x0000000004422000 JavaThread "Reference Handler" daemon [_thread_blocked, id=4696, stack(0x0000000019ef0000,0x0000000019ff0000)]
=>0x000000000293e800 JavaThread "main" [_thread_in_native, id=12764, stack(0x0000000004230000,0x0000000004330000)]

Other Threads:
  0x0000000018d67000 VMThread [stack: 0x0000000019df0000,0x0000000019ef0000] [id=7332]
  0x000000001a731800 WatcherThread [stack: 0x000000001abe0000,0x000000001ace0000] [id=14308]

VM state:not at safepoint (normal execution)

VM Mutex/Monitor currently owned by a thread: None

Heap:
 PSYoungGen      total 36864K, used 8276K [0x00000000d6e00000, 0x00000000d9700000, 0x0000000100000000)
  eden space 31744K, 26% used [0x00000000d6e00000,0x00000000d7615060,0x00000000d8d00000)
  from space 5120K, 0% used [0x00000000d9200000,0x00000000d9200000,0x00000000d9700000)
  to   space 5120K, 0% used [0x00000000d8d00000,0x00000000d8d00000,0x00000000d9200000)
 ParOldGen       total 84992K, used 0K [0x0000000084a00000, 0x0000000089d00000, 0x00000000d6e00000)
  object space 84992K, 0% used [0x0000000084a00000,0x0000000084a00000,0x0000000089d00000)
 Metaspace       used 5602K, capacity 5854K, committed 6144K, reserved 1056768K
  class space    used 614K, capacity 705K, committed 768K, reserved 1048576K

Card table byte_map: [0x00000000137f0000,0x0000000013bd0000] byte_map_base: 0x00000000133cb000

Marking Bits: (ParMarkBitMap*) 0x000000005a3e08c0
 Begin Bits: [0x0000000014270000, 0x0000000016148000)
 End Bits:   [0x0000000016148000, 0x0000000018020000)

Polling page: 0x00000000028a0000

CodeCache: size=245760Kb used=2342Kb max_used=2362Kb free=243418Kb
 bounds [0x0000000004430000, 0x00000000046a0000, 0x0000000013430000]
 total_blobs=1208 nmethods=495 adapters=626
 compilation: enabled

Compilation events (10 events):
Event: 0.509 Thread 0x0000000018da8800  487       3       java.util.regex.Pattern$Node::match (27 bytes)
Event: 0.509 Thread 0x0000000018da8800 nmethod 487 0x00000000046734d0 code [0x0000000004673640, 0x00000000046737f0]
Event: 0.509 Thread 0x0000000018da8800  488       3       java.lang.Character::codePointAt (51 bytes)
Event: 0.509 Thread 0x0000000018da8800 nmethod 488 0x0000000004673910 code [0x0000000004673ac0, 0x0000000004674168]
Event: 0.512 Thread 0x0000000018da8800  490       3       java.util.zip.ZipCoder::decoder (35 bytes)
Event: 0.513 Thread 0x0000000018da8800 nmethod 490 0x0000000004674690 code [0x0000000004674820, 0x0000000004674e88]
Event: 0.522 Thread 0x0000000018da3800  493  s    4       sun.misc.URLClassPath::getNextLoader (88 bytes)
Event: 0.523 Thread 0x0000000018d9f000  494  s!   4       sun.misc.URLClassPath::getLoader (243 bytes)
Event: 0.524 Thread 0x0000000018da8800  495       3       java.io.InputStream::<init> (5 bytes)
Event: 0.524 Thread 0x0000000018da8800 nmethod 495 0x0000000004675750 code [0x00000000046758c0, 0x0000000004675a70]

GC Heap History (0 events):
No events

Deoptimization events (0 events):
No events

Classes redefined (0 events):
No events

Internal exceptions (10 events):
Event: 0.045 Thread 0x000000000293e800 Exception <a 'java/lang/NoSuchMethodError': Method sun.misc.Unsafe.prefetchRead(Ljava/lang/Object;J)V name or signature does not match> (0x00000000d6e07f98) thrown at [C:\re\workspace\8-2-build-windows-amd64-cygwin\jdk8u171\10807\hotspot\src\share\vm\prim
Event: 0.238 Thread 0x000000000293e800 Exception <a 'java/lang/NoSuchMethodError': java.lang.Object.lambda$static$0(Ljava/lang/String;)Ljava/lang/Boolean;> (0x00000000d7109288) thrown at [C:\re\workspace\8-2-build-windows-amd64-cygwin\jdk8u171\10807\hotspot\src\share\vm\interpreter\linkResolve
Event: 0.258 Thread 0x000000000293e800 Exception <a 'java/lang/NoSuchFieldError': method resolution failed> (0x00000000d7181088) thrown at [C:\re\workspace\8-2-build-windows-amd64-cygwin\jdk8u171\10807\hotspot\src\share\vm\prims\methodHandles.cpp, line 1167]
Event: 0.261 Thread 0x000000000293e800 Exception <a 'java/lang/NoSuchFieldError': method resolution failed> (0x00000000d718e408) thrown at [C:\re\workspace\8-2-build-windows-amd64-cygwin\jdk8u171\10807\hotspot\src\share\vm\prims\methodHandles.cpp, line 1167]
Event: 0.294 Thread 0x000000000293e800 Exception <a 'java/security/PrivilegedActionException'> (0x00000000d721e3b0) thrown at [C:\re\workspace\8-2-build-windows-amd64-cygwin\jdk8u171\10807\hotspot\src\share\vm\prims\jvm.cpp, line 1435]
Event: 0.294 Thread 0x000000000293e800 Exception <a 'java/security/PrivilegedActionException'> (0x00000000d721e5c0) thrown at [C:\re\workspace\8-2-build-windows-amd64-cygwin\jdk8u171\10807\hotspot\src\share\vm\prims\jvm.cpp, line 1435]
Event: 0.295 Thread 0x000000000293e800 Exception <a 'java/security/PrivilegedActionException'> (0x00000000d7222230) thrown at [C:\re\workspace\8-2-build-windows-amd64-cygwin\jdk8u171\10807\hotspot\src\share\vm\prims\jvm.cpp, line 1435]
Event: 0.295 Thread 0x000000000293e800 Exception <a 'java/security/PrivilegedActionException'> (0x00000000d7222440) thrown at [C:\re\workspace\8-2-build-windows-amd64-cygwin\jdk8u171\10807\hotspot\src\share\vm\prims\jvm.cpp, line 1435]
Event: 0.520 Thread 0x000000000293e800 Exception <a 'sun/nio/fs/WindowsException'> (0x00000000d757e748) thrown at [C:\re\workspace\8-2-build-windows-amd64-cygwin\jdk8u171\10807\hotspot\src\share\vm\prims\jni.cpp, line 709]
Event: 0.520 Thread 0x000000000293e800 Exception <a 'sun/nio/fs/WindowsException'> (0x00000000d757ef40) thrown at [C:\re\workspace\8-2-build-windows-amd64-cygwin\jdk8u171\10807\hotspot\src\share\vm\prims\jni.cpp, line 709]

Events (10 events):
Event: 0.520 loading class java/nio/file/NoSuchFileException
Event: 0.520 loading class java/nio/file/FileSystemException
Event: 0.520 loading class java/nio/file/FileSystemException done
Event: 0.520 loading class java/nio/file/NoSuchFileException done
Event: 0.522 loading class org/lwjgl/opengl/GL$1
Event: 0.522 loading class org/lwjgl/opengl/GL$1 done
Event: 0.523 loading class org/lwjgl/opengl/GL$SharedLibraryGL
Event: 0.523 loading class org/lwjgl/opengl/GL$SharedLibraryGL done
Event: 0.524 loading class org/lwjgl/system/SharedLibrary$Delegate
Event: 0.524 loading class org/lwjgl/system/SharedLibrary$Delegate done


Dynamic libraries:
0x00007ff6d13c0000 - 0x00007ff6d13f7000 	C:\Program Files\Java\jre1.8.0_171\bin\javaw.exe
0x00007fffb14b0000 - 0x00007fffb1690000 	C:\WINDOWS\SYSTEM32\ntdll.dll
0x00007fffb1290000 - 0x00007fffb133e000 	C:\WINDOWS\System32\KERNEL32.DLL
0x00007fffad8b0000 - 0x00007fffadb16000 	C:\WINDOWS\System32\KERNELBASE.dll
0x00007fffb0920000 - 0x00007fffb09c1000 	C:\WINDOWS\System32\ADVAPI32.dll
0x00007fffb0700000 - 0x00007fffb079d000 	C:\WINDOWS\System32\msvcrt.dll
0x00007fffb1340000 - 0x00007fffb139b000 	C:\WINDOWS\System32\sechost.dll
0x00007fffb07a0000 - 0x00007fffb08bf000 	C:\WINDOWS\System32\RPCRT4.dll
0x00007fffb0c00000 - 0x00007fffb0d8f000 	C:\WINDOWS\System32\USER32.dll
0x00007fffadff0000 - 0x00007fffae010000 	C:\WINDOWS\System32\win32u.dll
0x00007fffb13a0000 - 0x00007fffb13c8000 	C:\WINDOWS\System32\GDI32.dll
0x00007fffae7e0000 - 0x00007fffae973000 	C:\WINDOWS\System32\gdi32full.dll
0x00007fffadea0000 - 0x00007fffadf3b000 	C:\WINDOWS\System32\msvcp_win.dll
0x00007fffadcf0000 - 0x00007fffadde6000 	C:\WINDOWS\System32\ucrtbase.dll
0x00007fffa0f30000 - 0x00007fffa1199000 	C:\WINDOWS\WinSxS\amd64_microsoft.windows.common-controls_6595b64144ccf1df_6.0.16299.431_none_15c7d3ee93659e73\COMCTL32.dll
0x00007fffaeb60000 - 0x00007fffaee68000 	C:\WINDOWS\System32\combase.dll
0x00007fffae010000 - 0x00007fffae082000 	C:\WINDOWS\System32\bcryptPrimitives.dll
0x00007fffb0f40000 - 0x00007fffb0f6d000 	C:\WINDOWS\System32\IMM32.DLL
0x000000005a460000 - 0x000000005a532000 	C:\Program Files\Java\jre1.8.0_171\bin\msvcr100.dll
0x0000000059bc0000 - 0x000000005a460000 	C:\Program Files\Java\jre1.8.0_171\bin\server\jvm.dll
0x00007fffb0e10000 - 0x00007fffb0e18000 	C:\WINDOWS\System32\PSAPI.DLL
0x00007fffa4ca0000 - 0x00007fffa4ca9000 	C:\WINDOWS\SYSTEM32\WSOCK32.dll
0x00007fffb0ed0000 - 0x00007fffb0f3c000 	C:\WINDOWS\System32\WS2_32.dll
0x00007fffa2c00000 - 0x00007fffa2c23000 	C:\WINDOWS\SYSTEM32\WINMM.dll
0x00007fffa39c0000 - 0x00007fffa39ca000 	C:\WINDOWS\SYSTEM32\VERSION.dll
0x00007fffa2bd0000 - 0x00007fffa2bfa000 	C:\WINDOWS\SYSTEM32\WINMMBASE.dll
0x00007fffaddf0000 - 0x00007fffade3a000 	C:\WINDOWS\System32\cfgmgr32.dll
0x0000000059bb0000 - 0x0000000059bbf000 	C:\Program Files\Java\jre1.8.0_171\bin\verify.dll
0x0000000059b80000 - 0x0000000059ba9000 	C:\Program Files\Java\jre1.8.0_171\bin\java.dll
0x0000000059b60000 - 0x0000000059b76000 	C:\Program Files\Java\jre1.8.0_171\bin\zip.dll
0x00007fffaee70000 - 0x00007fffb02a8000 	C:\WINDOWS\System32\SHELL32.dll
0x00007fffb13d0000 - 0x00007fffb1476000 	C:\WINDOWS\System32\shcore.dll
0x00007fffae090000 - 0x00007fffae7d7000 	C:\WINDOWS\System32\windows.storage.dll
0x00007fffb1230000 - 0x00007fffb1281000 	C:\WINDOWS\System32\shlwapi.dll
0x00007fffad840000 - 0x00007fffad851000 	C:\WINDOWS\System32\kernel.appcore.dll
0x00007fffad860000 - 0x00007fffad8ac000 	C:\WINDOWS\System32\powrprof.dll
0x00007fffad820000 - 0x00007fffad83b000 	C:\WINDOWS\System32\profapi.dll
0x0000000059b40000 - 0x0000000059b5a000 	C:\Program Files\Java\jre1.8.0_171\bin\net.dll
0x00007fffad090000 - 0x00007fffad0f6000 	C:\WINDOWS\system32\mswsock.dll
0x0000000059b20000 - 0x0000000059b31000 	C:\Program Files\Java\jre1.8.0_171\bin\nio.dll
0x00007fff86790000 - 0x00007fff867eb000 	C:\Users\NoneYa\AppData\Local\Temp\lwjglNoneYa\3.1.6-build-14\lwjgl.dll
0x00007fff82230000 - 0x00007fff82281000 	C:\Users\NoneYa\AppData\Local\Temp\lwjglNoneYa\3.1.6-build-14\glfw.dll
0x00007fffabb70000 - 0x00007fffabc05000 	C:\WINDOWS\system32\uxtheme.dll
0x00007fff879a0000 - 0x00007fff879e3000 	C:\WINDOWS\SYSTEM32\dinput8.dll
0x00007fff9d080000 - 0x00007fff9d090000 	C:\WINDOWS\SYSTEM32\xinput1_4.dll
0x00007fffad610000 - 0x00007fffad637000 	C:\WINDOWS\SYSTEM32\DEVOBJ.dll
0x00007fffabda0000 - 0x00007fffabdca000 	C:\WINDOWS\SYSTEM32\dwmapi.dll
0x00007fffab330000 - 0x00007fffab35e000 	C:\WINDOWS\SYSTEM32\inputhost.dll
0x00007fffaa1b0000 - 0x00007fffaa28c000 	C:\WINDOWS\SYSTEM32\CoreMessaging.dll
0x00007fff9d160000 - 0x00007fff9d44e000 	C:\WINDOWS\SYSTEM32\CoreUIComponents.dll
0x00007fffac930000 - 0x00007fffac961000 	C:\WINDOWS\SYSTEM32\ntmarta.dll
0x00007fffa9390000 - 0x00007fffa94c6000 	C:\WINDOWS\SYSTEM32\wintypes.dll
0x00007fffb0f70000 - 0x00007fffb10d7000 	C:\WINDOWS\System32\MSCTF.dll
0x00007fffae980000 - 0x00007fffaea45000 	C:\WINDOWS\System32\OLEAUT32.dll
0x00007fffac2d0000 - 0x00007fffac2dc000 	C:\WINDOWS\SYSTEM32\HID.DLL
0x00007fffb02b0000 - 0x00007fffb06fe000 	C:\WINDOWS\System32\SETUPAPI.DLL
0x00007fffade40000 - 0x00007fffade98000 	C:\WINDOWS\System32\WINTRUST.dll
0x00007fffad800000 - 0x00007fffad812000 	C:\WINDOWS\System32\MSASN1.dll
0x00007fffadb20000 - 0x00007fffadcee000 	C:\WINDOWS\System32\CRYPT32.dll
0x00007fff816d0000 - 0x00007fff8172f000 	C:\Users\NoneYa\AppData\Local\Temp\lwjglNoneYa\3.1.6-build-14\lwjgl_opengl.dll
0x00007fff98b10000 - 0x00007fff98c2e000 	C:\WINDOWS\SYSTEM32\opengl32.dll
0x00007fff9e570000 - 0x00007fff9e59c000 	C:\WINDOWS\SYSTEM32\GLU32.dll
0x00007fffac630000 - 0x00007fffac7f8000 	C:\WINDOWS\SYSTEM32\dbghelp.dll

VM Arguments:
jvm_args: -Dfile.encoding=Cp1252 
java_command: nate.master.com.Runtime
java_class_path (initial): C:\Program Files\Java\jre1.8.0_171\lib\resources.jar;C:\Program Files\Java\jre1.8.0_171\lib\rt.jar;C:\Program Files\Java\jre1.8.0_171\lib\jsse.jar;C:\Program Files\Java\jre1.8.0_171\lib\jce.jar;C:\Program Files\Java\jre1.8.0_171\lib\charsets.jar;C:\Program Files\Java\jre1.8.0_171\lib\jfr.jar;C:\Program Files\Java\jre1.8.0_171\lib\ext\access-bridge-64.jar;C:\Program Files\Java\jre1.8.0_171\lib\ext\cldrdata.jar;C:\Program Files\Java\jre1.8.0_171\lib\ext\dnsns.jar;C:\Program Files\Java\jre1.8.0_171\lib\ext\jaccess.jar;C:\Program Files\Java\jre1.8.0_171\lib\ext\jfxrt.jar;C:\Program Files\Java\jre1.8.0_171\lib\ext\localedata.jar;C:\Program Files\Java\jre1.8.0_171\lib\ext\nashorn.jar;C:\Program Files\Java\jre1.8.0_171\lib\ext\sunec.jar;C:\Program Files\Java\jre1.8.0_171\lib\ext\sunjce_provider.jar;C:\Program Files\Java\jre1.8.0_171\lib\ext\sunmscapi.jar;C:\Program Files\Java\jre1.8.0_171\lib\ext\sunpkcs11.jar;C:\Program Files\Java\jre1.8.0_171\lib\ext\zipfs.jar;C:\Users\NoneYa\eclipse-workspace\LWJGL_Master\bin;C:\Users\NoneYa\eclipse-workspace\LWJGL_Master\libs\lwjgl-assimp-javadoc.jar;C:\Users\NoneYa\eclipse-workspace\LWJGL_Master\libs\lwjgl-assimp-natives-windows.jar;C:\Users\NoneYa\eclipse-workspace\LWJGL_Master\libs\lwjgl-assimp-sources.jar;C:\Users\NoneYa\eclipse-workspace\LWJGL_Master\libs\lwjgl-assimp.jar;C:\Users\NoneYa\eclipse-workspace\LWJGL_Master\libs\lwjgl-bgfx-javadoc.jar;C:\Users\NoneYa\eclipse-workspace\LWJGL_Master\libs\lwjgl-bgfx-natives-windows.jar;C:\Users\NoneYa\eclipse-workspace\LWJGL_Master\libs\lwjgl-bgfx-sources.jar;C:\Users\NoneYa\eclipse-workspace\LWJGL_Master\libs\lwjgl-bgfx.jar;C:\Users\NoneYa\eclipse-workspace\LWJGL_Master\libs\lwjgl-glfw-javadoc.jar;C:\Users\NoneYa\eclipse-workspace\LWJGL_Master\libs\lwjgl-glfw-natives-windows.jar;C:\Users\NoneYa\eclipse-workspace\LWJGL_Master\libs\lwjgl-glfw-sources.jar;C:\Users\NoneYa\eclipse-workspace\LWJGL_Master\libs\lwjgl-glfw.jar;C:\Users\NoneYa\eclipse-workspace\LWJGL_Ma
Launcher Type: SUN_STANDARD

Environment Variables:
PATH=C:/Program Files/Java/jre1.8.0_171/bin/server;C:/Program Files/Java/jre1.8.0_171/bin;C:/Program Files/Java/jre1.8.0_171/lib/amd64;C:\Program Files (x86)\Common Files\Oracle\Java\javapath;C:\ProgramData\Oracle\Java\javapath;C:\WINDOWS\system32;C:\WINDOWS;C:\WINDOWS\System32\Wbem;C:\WINDOWS\System32\WindowsPowerShell\v1.0\;C:\Program Files\PuTTY\;C:\Users\NoneYa\AppData\Local\Microsoft\WindowsApps;;C:\Users\NoneYa\Downloads;
USERNAME=NoneYa
OS=Windows_NT
PROCESSOR_IDENTIFIER=Intel64 Family 6 Model 58 Stepping 9, GenuineIntel



---------------  S Y S T E M  ---------------

OS: Windows 10.0 , 64 bit Build 16299 (10.0.16299.431)

CPU:total 4 (initial active 4) (2 cores per cpu, 2 threads per core) family 6 model 58 stepping 9, cmov, cx8, fxsr, mmx, sse, sse2, sse3, ssse3, sse4.1, sse4.2, popcnt, avx, aes, clmul, erms, ht, tsc, tscinvbit, tscinv

Memory: 4k page, physical 8078996k(3866740k free), swap 9389716k(3844644k free)

vm_info: Java HotSpot(TM) 64-Bit Server VM (25.171-b11) for windows-amd64 JRE (1.8.0_171-b11), built on Mar 28 2018 16:06:12 by "java_re" with MS VC++ 10.0 (VS2010)

time: Fri May 25 13:08:26 2018
elapsed time: 0 seconds (0d 0h 0m 0s)

